#-----------------------------------------------------------
# Vivado v2018.3 (64-bit)
# SW Build 2405991 on Thu Dec  6 23:38:27 MST 2018
# IP Build 2404404 on Fri Dec  7 01:43:56 MST 2018
# Start of session at: Fri Mar 22 10:57:34 2019
# Process ID: 788
# Current directory: C:/Users/Firev/OneDrive/Documents/GitHub/Steven-Jugler-ENES-246-501/Steven ENES/11IP/2_Square_Root_IP/emptyPromptproject
# Command line: vivado.exe -gui_launcher_event rodinguilauncherevent15052 C:\Users\Firev\OneDrive\Documents\GitHub\Steven-Jugler-ENES-246-501\Steven ENES\11IP\2_Square_Root_IP\emptyPromptproject\emptyPromptproject.xpr
# Log file: C:/Users/Firev/OneDrive/Documents/GitHub/Steven-Jugler-ENES-246-501/Steven ENES/11IP/2_Square_Root_IP/emptyPromptproject/vivado.log
# Journal file: C:/Users/Firev/OneDrive/Documents/GitHub/Steven-Jugler-ENES-246-501/Steven ENES/11IP/2_Square_Root_IP/emptyPromptproject\vivado.jou
#-----------------------------------------------------------
start_gui
open_project {C:/Users/Firev/OneDrive/Documents/GitHub/Steven-Jugler-ENES-246-501/Steven ENES/11IP/2_Square_Root_IP/emptyPromptproject/emptyPromptproject.xpr}
INFO: [ProjectBase 1-489] The host OS only allows 260 characters in a normal path. The project is stored in a path with more than 80 characters. If you experience issues with IP, Block Designs, or files not being found, please consider moving the project to a location with a shorter path. Alternately consider using the OS subst command to map part of the path to a drive letter.
Current project path is 'C:/Users/Firev/OneDrive/Documents/GitHub/Steven-Jugler-ENES-246-501/Steven ENES/11IP/2_Square_Root_IP/emptyPromptproject'
INFO: [Project 1-313] Project file moved from 'C:/Users/Firev/OneDrive/Documents/GitHub/Steven-Jugler-ENES-246-501/Steven ENES/11IP/1_Nexys4DDRdemo/emptyPromptproject' since last save.
Scanning sources...
Finished scanning sources
INFO: [IP_Flow 19-234] Refreshing IP repositories
INFO: [IP_Flow 19-1704] No user IP repositories specified
INFO: [IP_Flow 19-2313] Loaded Vivado IP repository 'C:/Xilinx/Vivado/2018.3/data/ip'.
open_project: Time (s): cpu = 00:00:13 ; elapsed = 00:00:06 . Memory (MB): peak = 702.340 ; gain = 85.203
update_compile_order -fileset sources_1
export_ip_user_files -of_objects  [get_files {{C:/Users/Firev/OneDrive/Documents/GitHub/Steven-Jugler-ENES-246-501/Steven ENES/11IP/2_Square_Root_IP/emptyPromptproject/emptyPromptproject.srcs/sources_1/ip/cordic_0/cordic_0.xci}}] -no_script -reset -force -quiet
remove_files  {{C:/Users/Firev/OneDrive/Documents/GitHub/Steven-Jugler-ENES-246-501/Steven ENES/11IP/2_Square_Root_IP/emptyPromptproject/emptyPromptproject.srcs/sources_1/ip/cordic_0/cordic_0.xci}}
create_ip -name cordic -vendor xilinx.com -library ip -version 6.0 -module_name cordic_0 -dir {c:/Users/Firev/OneDrive/Documents/GitHub/Steven-Jugler-ENES-246-501/Steven ENES/11IP/2_Square_Root_IP/emptyPromptproject/emptyPromptproject.srcs/sources_1/ip}
set_property -dict [list CONFIG.Functional_Selection {Square_Root} CONFIG.Input_Width {32} CONFIG.Output_Width {32} CONFIG.Data_Format {UnsignedFraction} CONFIG.Coarse_Rotation {false}] [get_ips cordic_0]
generate_target {instantiation_template} [get_files {{c:/Users/Firev/OneDrive/Documents/GitHub/Steven-Jugler-ENES-246-501/Steven ENES/11IP/2_Square_Root_IP/emptyPromptproject/emptyPromptproject.srcs/sources_1/ip/cordic_0_1/cordic_0.xci}}]
INFO: [IP_Flow 19-1686] Generating 'Instantiation Template' target for IP 'cordic_0'...
generate_target all [get_files  {{c:/Users/Firev/OneDrive/Documents/GitHub/Steven-Jugler-ENES-246-501/Steven ENES/11IP/2_Square_Root_IP/emptyPromptproject/emptyPromptproject.srcs/sources_1/ip/cordic_0_1/cordic_0.xci}}]
INFO: [IP_Flow 19-1686] Generating 'Synthesis' target for IP 'cordic_0'...
INFO: [IP_Flow 19-1686] Generating 'Simulation' target for IP 'cordic_0'...
INFO: [IP_Flow 19-1686] Generating 'C Simulation' target for IP 'cordic_0'...
INFO: [IP_Flow 19-1686] Generating 'Test Bench' target for IP 'cordic_0'...
INFO: [IP_Flow 19-1686] Generating 'Change Log' target for IP 'cordic_0'...
catch { config_ip_cache -export [get_ips -all cordic_0] }
export_ip_user_files -of_objects [get_files {{c:/Users/Firev/OneDrive/Documents/GitHub/Steven-Jugler-ENES-246-501/Steven ENES/11IP/2_Square_Root_IP/emptyPromptproject/emptyPromptproject.srcs/sources_1/ip/cordic_0_1/cordic_0.xci}}] -no_script -sync -force -quiet
create_ip_run [get_files -of_objects [get_fileset sources_1] {{c:/Users/Firev/OneDrive/Documents/GitHub/Steven-Jugler-ENES-246-501/Steven ENES/11IP/2_Square_Root_IP/emptyPromptproject/emptyPromptproject.srcs/sources_1/ip/cordic_0_1/cordic_0.xci}}]
launch_runs -jobs 4 cordic_0_synth_1
[Fri Mar 22 11:01:06 2019] Launched cordic_0_synth_1...
Run output will be captured here: C:/Users/Firev/OneDrive/Documents/GitHub/Steven-Jugler-ENES-246-501/Steven ENES/11IP/2_Square_Root_IP/emptyPromptproject/emptyPromptproject.runs/cordic_0_synth_1/runme.log
export_simulation -of_objects [get_files {{c:/Users/Firev/OneDrive/Documents/GitHub/Steven-Jugler-ENES-246-501/Steven ENES/11IP/2_Square_Root_IP/emptyPromptproject/emptyPromptproject.srcs/sources_1/ip/cordic_0_1/cordic_0.xci}}] -directory {C:/Users/Firev/OneDrive/Documents/GitHub/Steven-Jugler-ENES-246-501/Steven ENES/11IP/2_Square_Root_IP/emptyPromptproject/emptyPromptproject.ip_user_files/sim_scripts} -ip_user_files_dir {C:/Users/Firev/OneDrive/Documents/GitHub/Steven-Jugler-ENES-246-501/Steven ENES/11IP/2_Square_Root_IP/emptyPromptproject/emptyPromptproject.ip_user_files} -ipstatic_source_dir {C:/Users/Firev/OneDrive/Documents/GitHub/Steven-Jugler-ENES-246-501/Steven ENES/11IP/2_Square_Root_IP/emptyPromptproject/emptyPromptproject.ip_user_files/ipstatic} -lib_map_path [list {modelsim=C:/Users/Firev/OneDrive/Documents/GitHub/Steven-Jugler-ENES-246-501/Steven ENES/11IP/2_Square_Root_IP/emptyPromptproject/emptyPromptproject.cache/compile_simlib/modelsim} {questa=C:/Users/Firev/OneDrive/Documents/GitHub/Steven-Jugler-ENES-246-501/Steven ENES/11IP/2_Square_Root_IP/emptyPromptproject/emptyPromptproject.cache/compile_simlib/questa} {riviera=C:/Users/Firev/OneDrive/Documents/GitHub/Steven-Jugler-ENES-246-501/Steven ENES/11IP/2_Square_Root_IP/emptyPromptproject/emptyPromptproject.cache/compile_simlib/riviera} {activehdl=C:/Users/Firev/OneDrive/Documents/GitHub/Steven-Jugler-ENES-246-501/Steven ENES/11IP/2_Square_Root_IP/emptyPromptproject/emptyPromptproject.cache/compile_simlib/activehdl}] -use_ip_compiled_libs -force -quiet
exit
INFO: [Common 17-206] Exiting Vivado at Fri Mar 22 11:51:05 2019...
