#-----------------------------------------------------------
# Vivado v2018.3 (64-bit)
# SW Build 2405991 on Thu Dec  6 23:38:27 MST 2018
# IP Build 2404404 on Fri Dec  7 01:43:56 MST 2018
# Start of session at: Wed Feb  6 15:39:28 2019
# Process ID: 10384
# Current directory: C:/Users/SET253-INS1U/Documents/GitHub/ENES246/-1Buffers/multipleLEDs
# Command line: vivado.exe -gui_launcher_event rodinguilauncherevent10436 C:\Users\SET253-INS1U\Documents\GitHub\ENES246\-1Buffers\multipleLEDs\buffers.xpr
# Log file: C:/Users/SET253-INS1U/Documents/GitHub/ENES246/-1Buffers/multipleLEDs/vivado.log
# Journal file: C:/Users/SET253-INS1U/Documents/GitHub/ENES246/-1Buffers/multipleLEDs\vivado.jou
#-----------------------------------------------------------
start_gui
open_project C:/Users/SET253-INS1U/Documents/GitHub/ENES246/-1Buffers/multipleLEDs/buffers.xpr
INFO: [Project 1-313] Project file moved from 'C:/Users/FoersterGame/Documents/GitHub/ENES246/-1Buffers/multipleLEDs' since last save.
Scanning sources...
Finished scanning sources
INFO: [IP_Flow 19-234] Refreshing IP repositories
INFO: [IP_Flow 19-1704] No user IP repositories specified
INFO: [IP_Flow 19-2313] Loaded Vivado IP repository 'C:/Xilinx/Vivado/2018.3/data/ip'.
open_project: Time (s): cpu = 00:00:12 ; elapsed = 00:00:06 . Memory (MB): peak = 745.973 ; gain = 146.059
update_compile_order -fileset sources_1
