#-----------------------------------------------------------
# Vivado v2018.3 (64-bit)
# SW Build 2405991 on Thu Dec  6 23:38:27 MST 2018
# IP Build 2404404 on Fri Dec  7 01:43:56 MST 2018
# Start of session at: Sun Mar 24 06:37:53 2019
# Process ID: 12528
# Current directory: C:/Users/FoersterGame/Documents/GitHub/ENES246/13Debounce_Shift/1_PushButtonDebounce/pushButtonDebounce
# Command line: vivado.exe -gui_launcher_event rodinguilauncherevent13876 C:\Users\FoersterGame\Documents\GitHub\ENES246\13Debounce_Shift\1_PushButtonDebounce\pushButtonDebounce\pushButtonDebounce.xpr
# Log file: C:/Users/FoersterGame/Documents/GitHub/ENES246/13Debounce_Shift/1_PushButtonDebounce/pushButtonDebounce/vivado.log
# Journal file: C:/Users/FoersterGame/Documents/GitHub/ENES246/13Debounce_Shift/1_PushButtonDebounce/pushButtonDebounce\vivado.jou
#-----------------------------------------------------------
start_gui
open_project C:/Users/FoersterGame/Documents/GitHub/ENES246/13Debounce_Shift/1_PushButtonDebounce/pushButtonDebounce/pushButtonDebounce.xpr
INFO: [ProjectBase 1-489] The host OS only allows 260 characters in a normal path. The project is stored in a path with more than 80 characters. If you experience issues with IP, Block Designs, or files not being found, please consider moving the project to a location with a shorter path. Alternately consider using the OS subst command to map part of the path to a drive letter.
Current project path is 'C:/Users/FoersterGame/Documents/GitHub/ENES246/13Debounce_Shift/1_PushButtonDebounce/pushButtonDebounce'
Scanning sources...
Finished scanning sources
INFO: [IP_Flow 19-234] Refreshing IP repositories
INFO: [IP_Flow 19-1704] No user IP repositories specified
INFO: [IP_Flow 19-2313] Loaded Vivado IP repository 'C:/Xilinx/Vivado/2018.3/data/ip'.
update_compile_order -fileset sources_1
reset_run synth_1
launch_runs impl_1 -to_step write_bitstream -jobs 4
[Sun Mar 24 06:39:01 2019] Launched synth_1...
Run output will be captured here: C:/Users/FoersterGame/Documents/GitHub/ENES246/13Debounce_Shift/1_PushButtonDebounce/pushButtonDebounce/pushButtonDebounce.runs/synth_1/runme.log
[Sun Mar 24 06:39:01 2019] Launched impl_1...
Run output will be captured here: C:/Users/FoersterGame/Documents/GitHub/ENES246/13Debounce_Shift/1_PushButtonDebounce/pushButtonDebounce/pushButtonDebounce.runs/impl_1/runme.log
reset_run impl_1 -prev_step 
launch_runs impl_1 -to_step write_bitstream -jobs 4
[Sun Mar 24 06:46:24 2019] Launched impl_1...
Run output will be captured here: C:/Users/FoersterGame/Documents/GitHub/ENES246/13Debounce_Shift/1_PushButtonDebounce/pushButtonDebounce/pushButtonDebounce.runs/impl_1/runme.log
open_hw
connect_hw_server
INFO: [Labtools 27-2285] Connecting to hw_server url TCP:localhost:3121
INFO: [Labtools 27-2222] Launching hw_server...
INFO: [Labtools 27-2221] Launch Output:

****** Xilinx hw_server v2018.3
  **** Build date : Dec  7 2018-00:40:27
    ** Copyright 1986-2018 Xilinx, Inc. All Rights Reserved.


open_hw_target
INFO: [Labtoolstcl 44-466] Opening hw_target localhost:3121/xilinx_tcf/Digilent/210292A8B140A
current_hw_device [get_hw_devices xc7a100t_0]
refresh_hw_device -update_hw_probes false [lindex [get_hw_devices xc7a100t_0] 0]
INFO: [Labtools 27-1434] Device xc7a100t (JTAG device index = 0) is programmed with a design that has no supported debug core(s) in it.
set_property PROBES.FILE {} [get_hw_devices xc7a100t_0]
set_property FULL_PROBES.FILE {} [get_hw_devices xc7a100t_0]
set_property PROGRAM.FILE {C:/Users/FoersterGame/Documents/GitHub/ENES246/13Debounce_Shift/1_PushButtonDebounce/pushButtonDebounce/pushButtonDebounce.runs/impl_1/debouncer.bit} [get_hw_devices xc7a100t_0]
program_hw_devices [get_hw_devices xc7a100t_0]
INFO: [Labtools 27-3164] End of startup status: HIGH
refresh_hw_device [lindex [get_hw_devices xc7a100t_0] 0]
INFO: [Labtools 27-1434] Device xc7a100t (JTAG device index = 0) is programmed with a design that has no supported debug core(s) in it.
close_project
open_project C:/Users/FoersterGame/Documents/GitHub/ENES246/12ControlPathDoesDonts/6_ResetAsyncModule/reset.xpr
INFO: [ProjectBase 1-489] The host OS only allows 260 characters in a normal path. The project is stored in a path with more than 80 characters. If you experience issues with IP, Block Designs, or files not being found, please consider moving the project to a location with a shorter path. Alternately consider using the OS subst command to map part of the path to a drive letter.
Current project path is 'C:/Users/FoersterGame/Documents/GitHub/ENES246/12ControlPathDoesDonts/6_ResetAsyncModule'
Scanning sources...
Finished scanning sources
INFO: [IP_Flow 19-234] Refreshing IP repositories
INFO: [IP_Flow 19-1704] No user IP repositories specified
INFO: [IP_Flow 19-2313] Loaded Vivado IP repository 'C:/Xilinx/Vivado/2018.3/data/ip'.
update_compile_order -fileset sources_1
synth_design -rtl -name rtl_1
Command: synth_design -rtl -name rtl_1
Starting synth_design
Using part: xc7a100tcsg324-1
Top: clkDivider
---------------------------------------------------------------------------------
Starting RTL Elaboration : Time (s): cpu = 00:00:02 ; elapsed = 00:00:02 . Memory (MB): peak = 1839.316 ; gain = 78.180
---------------------------------------------------------------------------------
INFO: [Synth 8-6157] synthesizing module 'clkDivider' [C:/Users/FoersterGame/Documents/GitHub/ENES246/12ControlPathDoesDonts/6_ResetAsyncModule/reset.srcs/sources_1/imports/clockTest/ClkDivider.sv:3]
WARNING: [Synth 8-87] always_comb on 'count_up_reg' did not result in combinational logic [C:/Users/FoersterGame/Documents/GitHub/ENES246/12ControlPathDoesDonts/6_ResetAsyncModule/reset.srcs/sources_1/imports/clockTest/ClkDivider.sv:15]
WARNING: [Synth 8-87] always_comb on 'count_up_reg' did not result in combinational logic [C:/Users/FoersterGame/Documents/GitHub/ENES246/12ControlPathDoesDonts/6_ResetAsyncModule/reset.srcs/sources_1/imports/clockTest/ClkDivider.sv:19]
WARNING: [Synth 8-87] always_comb on 'count_clk_reg' did not result in combinational logic [C:/Users/FoersterGame/Documents/GitHub/ENES246/12ControlPathDoesDonts/6_ResetAsyncModule/reset.srcs/sources_1/imports/clockTest/ClkDivider.sv:20]
INFO: [Synth 8-6155] done synthesizing module 'clkDivider' (1#1) [C:/Users/FoersterGame/Documents/GitHub/ENES246/12ControlPathDoesDonts/6_ResetAsyncModule/reset.srcs/sources_1/imports/clockTest/ClkDivider.sv:3]
---------------------------------------------------------------------------------
Finished RTL Elaboration : Time (s): cpu = 00:00:02 ; elapsed = 00:00:02 . Memory (MB): peak = 1867.488 ; gain = 106.352
---------------------------------------------------------------------------------

Report Check Netlist: 
+------+------------------+-------+---------+-------+------------------+
|      |Item              |Errors |Warnings |Status |Description       |
+------+------------------+-------+---------+-------+------------------+
|1     |multi_driven_nets |      0|        0|Passed |Multi driven nets |
+------+------------------+-------+---------+-------+------------------+
---------------------------------------------------------------------------------
Start Handling Custom Attributes
---------------------------------------------------------------------------------
---------------------------------------------------------------------------------
Finished Handling Custom Attributes : Time (s): cpu = 00:00:02 ; elapsed = 00:00:02 . Memory (MB): peak = 1867.488 ; gain = 106.352
---------------------------------------------------------------------------------
---------------------------------------------------------------------------------
Finished RTL Optimization Phase 1 : Time (s): cpu = 00:00:02 ; elapsed = 00:00:02 . Memory (MB): peak = 1867.488 ; gain = 106.352
---------------------------------------------------------------------------------
INFO: [Device 21-403] Loading part xc7a100tcsg324-1
INFO: [Project 1-570] Preparing netlist for logic optimization

Processing XDC Constraints
Initializing timing engine
Parsing XDC File [C:/Users/FoersterGame/Documents/GitHub/ENES246/12ControlPathDoesDonts/6_ResetAsyncModule/reset.srcs/constrs_1/imports/clockTest/Nexys4DDR_Master.xdc]
Finished Parsing XDC File [C:/Users/FoersterGame/Documents/GitHub/ENES246/12ControlPathDoesDonts/6_ResetAsyncModule/reset.srcs/constrs_1/imports/clockTest/Nexys4DDR_Master.xdc]
Completed Processing XDC Constraints

INFO: [Opt 31-138] Pushed 0 inverter(s) to 0 load pin(s).
Netlist sorting complete. Time (s): cpu = 00:00:00 ; elapsed = 00:00:00 . Memory (MB): peak = 2172.910 ; gain = 0.000
INFO: [Project 1-111] Unisim Transformation Summary:
No Unisim elements were transformed.

RTL Elaboration Complete:  : Time (s): cpu = 00:00:16 ; elapsed = 00:00:14 . Memory (MB): peak = 2243.418 ; gain = 482.281
6 Infos, 3 Warnings, 0 Critical Warnings and 0 Errors encountered.
synth_design completed successfully
synth_design: Time (s): cpu = 00:00:16 ; elapsed = 00:00:15 . Memory (MB): peak = 2243.418 ; gain = 482.281
reset_run synth_1
launch_runs impl_1 -to_step write_bitstream -jobs 4
[Sun Mar 24 07:03:02 2019] Launched synth_1...
Run output will be captured here: C:/Users/FoersterGame/Documents/GitHub/ENES246/12ControlPathDoesDonts/6_ResetAsyncModule/reset.runs/synth_1/runme.log
[Sun Mar 24 07:03:02 2019] Launched impl_1...
Run output will be captured here: C:/Users/FoersterGame/Documents/GitHub/ENES246/12ControlPathDoesDonts/6_ResetAsyncModule/reset.runs/impl_1/runme.log
refresh_design
---------------------------------------------------------------------------------
Starting RTL Elaboration : Time (s): cpu = 00:00:01 ; elapsed = 00:00:02 . Memory (MB): peak = 2251.785 ; gain = 0.000
---------------------------------------------------------------------------------
INFO: [Synth 8-6157] synthesizing module 'clkDivider' [C:/Users/FoersterGame/Documents/GitHub/ENES246/12ControlPathDoesDonts/6_ResetAsyncModule/reset.srcs/sources_1/imports/clockTest/ClkDivider.sv:3]
WARNING: [Synth 8-87] always_comb on 'count_up_reg' did not result in combinational logic [C:/Users/FoersterGame/Documents/GitHub/ENES246/12ControlPathDoesDonts/6_ResetAsyncModule/reset.srcs/sources_1/imports/clockTest/ClkDivider.sv:14]
WARNING: [Synth 8-87] always_comb on 'count_clk_reg' did not result in combinational logic [C:/Users/FoersterGame/Documents/GitHub/ENES246/12ControlPathDoesDonts/6_ResetAsyncModule/reset.srcs/sources_1/imports/clockTest/ClkDivider.sv:16]
INFO: [Synth 8-6155] done synthesizing module 'clkDivider' (1#1) [C:/Users/FoersterGame/Documents/GitHub/ENES246/12ControlPathDoesDonts/6_ResetAsyncModule/reset.srcs/sources_1/imports/clockTest/ClkDivider.sv:3]
---------------------------------------------------------------------------------
Finished RTL Elaboration : Time (s): cpu = 00:00:02 ; elapsed = 00:00:02 . Memory (MB): peak = 2251.785 ; gain = 0.000
---------------------------------------------------------------------------------

Report Check Netlist: 
+------+------------------+-------+---------+-------+------------------+
|      |Item              |Errors |Warnings |Status |Description       |
+------+------------------+-------+---------+-------+------------------+
|1     |multi_driven_nets |      0|        0|Passed |Multi driven nets |
+------+------------------+-------+---------+-------+------------------+
---------------------------------------------------------------------------------
Start Handling Custom Attributes
---------------------------------------------------------------------------------
---------------------------------------------------------------------------------
Finished Handling Custom Attributes : Time (s): cpu = 00:00:02 ; elapsed = 00:00:02 . Memory (MB): peak = 2251.785 ; gain = 0.000
---------------------------------------------------------------------------------
---------------------------------------------------------------------------------
Finished RTL Optimization Phase 1 : Time (s): cpu = 00:00:02 ; elapsed = 00:00:02 . Memory (MB): peak = 2251.785 ; gain = 0.000
---------------------------------------------------------------------------------
INFO: [Project 1-570] Preparing netlist for logic optimization

Processing XDC Constraints
Initializing timing engine
Parsing XDC File [C:/Users/FoersterGame/Documents/GitHub/ENES246/12ControlPathDoesDonts/6_ResetAsyncModule/reset.srcs/constrs_1/imports/clockTest/Nexys4DDR_Master.xdc]
Finished Parsing XDC File [C:/Users/FoersterGame/Documents/GitHub/ENES246/12ControlPathDoesDonts/6_ResetAsyncModule/reset.srcs/constrs_1/imports/clockTest/Nexys4DDR_Master.xdc]
Completed Processing XDC Constraints

INFO: [Opt 31-138] Pushed 0 inverter(s) to 0 load pin(s).
reset_run synth_1
launch_runs synth_1 -jobs 4
[Sun Mar 24 07:06:31 2019] Launched synth_1...
Run output will be captured here: C:/Users/FoersterGame/Documents/GitHub/ENES246/12ControlPathDoesDonts/6_ResetAsyncModule/reset.runs/synth_1/runme.log
launch_runs impl_1 -jobs 4
[Sun Mar 24 07:06:59 2019] Launched impl_1...
Run output will be captured here: C:/Users/FoersterGame/Documents/GitHub/ENES246/12ControlPathDoesDonts/6_ResetAsyncModule/reset.runs/impl_1/runme.log
refresh_design
---------------------------------------------------------------------------------
Starting RTL Elaboration : Time (s): cpu = 00:00:02 ; elapsed = 00:00:02 . Memory (MB): peak = 2294.238 ; gain = 12.094
---------------------------------------------------------------------------------
INFO: [Synth 8-6157] synthesizing module 'clkDivider' [C:/Users/FoersterGame/Documents/GitHub/ENES246/12ControlPathDoesDonts/6_ResetAsyncModule/reset.srcs/sources_1/imports/clockTest/ClkDivider.sv:3]
WARNING: [Synth 8-87] always_comb on 'count_up_reg' did not result in combinational logic [C:/Users/FoersterGame/Documents/GitHub/ENES246/12ControlPathDoesDonts/6_ResetAsyncModule/reset.srcs/sources_1/imports/clockTest/ClkDivider.sv:15]
INFO: [Synth 8-6155] done synthesizing module 'clkDivider' (1#1) [C:/Users/FoersterGame/Documents/GitHub/ENES246/12ControlPathDoesDonts/6_ResetAsyncModule/reset.srcs/sources_1/imports/clockTest/ClkDivider.sv:3]
---------------------------------------------------------------------------------
Finished RTL Elaboration : Time (s): cpu = 00:00:02 ; elapsed = 00:00:02 . Memory (MB): peak = 2302.441 ; gain = 20.297
---------------------------------------------------------------------------------

Report Check Netlist: 
+------+------------------+-------+---------+-------+------------------+
|      |Item              |Errors |Warnings |Status |Description       |
+------+------------------+-------+---------+-------+------------------+
|1     |multi_driven_nets |      0|        0|Passed |Multi driven nets |
+------+------------------+-------+---------+-------+------------------+
---------------------------------------------------------------------------------
Start Handling Custom Attributes
---------------------------------------------------------------------------------
---------------------------------------------------------------------------------
Finished Handling Custom Attributes : Time (s): cpu = 00:00:02 ; elapsed = 00:00:02 . Memory (MB): peak = 2302.441 ; gain = 20.297
---------------------------------------------------------------------------------
---------------------------------------------------------------------------------
Finished RTL Optimization Phase 1 : Time (s): cpu = 00:00:02 ; elapsed = 00:00:02 . Memory (MB): peak = 2302.441 ; gain = 20.297
---------------------------------------------------------------------------------
INFO: [Project 1-570] Preparing netlist for logic optimization

Processing XDC Constraints
Initializing timing engine
Parsing XDC File [C:/Users/FoersterGame/Documents/GitHub/ENES246/12ControlPathDoesDonts/6_ResetAsyncModule/reset.srcs/constrs_1/imports/clockTest/Nexys4DDR_Master.xdc]
Finished Parsing XDC File [C:/Users/FoersterGame/Documents/GitHub/ENES246/12ControlPathDoesDonts/6_ResetAsyncModule/reset.srcs/constrs_1/imports/clockTest/Nexys4DDR_Master.xdc]
Completed Processing XDC Constraints

INFO: [Opt 31-138] Pushed 0 inverter(s) to 0 load pin(s).
reset_run synth_1
launch_runs synth_1 -jobs 4
[Sun Mar 24 07:12:27 2019] Launched synth_1...
Run output will be captured here: C:/Users/FoersterGame/Documents/GitHub/ENES246/12ControlPathDoesDonts/6_ResetAsyncModule/reset.runs/synth_1/runme.log
launch_runs impl_1 -jobs 4
[Sun Mar 24 07:12:52 2019] Launched impl_1...
Run output will be captured here: C:/Users/FoersterGame/Documents/GitHub/ENES246/12ControlPathDoesDonts/6_ResetAsyncModule/reset.runs/impl_1/runme.log
launch_runs impl_1 -to_step write_bitstream -jobs 4
[Sun Mar 24 07:13:49 2019] Launched impl_1...
Run output will be captured here: C:/Users/FoersterGame/Documents/GitHub/ENES246/12ControlPathDoesDonts/6_ResetAsyncModule/reset.runs/impl_1/runme.log
open_hw
connect_hw_server
INFO: [Labtools 27-2285] Connecting to hw_server url TCP:localhost:3121
INFO: [Labtools 27-2222] Launching hw_server...
INFO: [Labtools 27-2221] Launch Output:

****** Xilinx hw_server v2018.3
  **** Build date : Dec  7 2018-00:40:27
    ** Copyright 1986-2018 Xilinx, Inc. All Rights Reserved.


open_hw_target
INFO: [Labtoolstcl 44-466] Opening hw_target localhost:3121/xilinx_tcf/Digilent/210292A8B140A
set_property PROGRAM.FILE {C:/Users/FoersterGame/Documents/GitHub/ENES246/12ControlPathDoesDonts/6_ResetAsyncModule/reset.runs/impl_1/clkDivider.bit} [get_hw_devices xc7a100t_0]
current_hw_device [get_hw_devices xc7a100t_0]
refresh_hw_device -update_hw_probes false [lindex [get_hw_devices xc7a100t_0] 0]
INFO: [Labtools 27-1434] Device xc7a100t (JTAG device index = 0) is programmed with a design that has no supported debug core(s) in it.
set_property PROBES.FILE {} [get_hw_devices xc7a100t_0]
set_property FULL_PROBES.FILE {} [get_hw_devices xc7a100t_0]
set_property PROGRAM.FILE {C:/Users/FoersterGame/Documents/GitHub/ENES246/12ControlPathDoesDonts/6_ResetAsyncModule/reset.runs/impl_1/clkDivider.bit} [get_hw_devices xc7a100t_0]
program_hw_devices [get_hw_devices xc7a100t_0]
INFO: [Labtools 27-3164] End of startup status: HIGH
refresh_hw_device [lindex [get_hw_devices xc7a100t_0] 0]
INFO: [Labtools 27-1434] Device xc7a100t (JTAG device index = 0) is programmed with a design that has no supported debug core(s) in it.
reset_run synth_1
launch_runs impl_1 -to_step write_bitstream -jobs 4
[Sun Mar 24 07:22:48 2019] Launched synth_1...
Run output will be captured here: C:/Users/FoersterGame/Documents/GitHub/ENES246/12ControlPathDoesDonts/6_ResetAsyncModule/reset.runs/synth_1/runme.log
[Sun Mar 24 07:22:48 2019] Launched impl_1...
Run output will be captured here: C:/Users/FoersterGame/Documents/GitHub/ENES246/12ControlPathDoesDonts/6_ResetAsyncModule/reset.runs/impl_1/runme.log
set_property PROBES.FILE {} [get_hw_devices xc7a100t_0]
set_property FULL_PROBES.FILE {} [get_hw_devices xc7a100t_0]
set_property PROGRAM.FILE {C:/Users/FoersterGame/Documents/GitHub/ENES246/12ControlPathDoesDonts/6_ResetAsyncModule/reset.runs/impl_1/clkDivider.bit} [get_hw_devices xc7a100t_0]
program_hw_devices [get_hw_devices xc7a100t_0]
INFO: [Labtools 27-3164] End of startup status: HIGH
refresh_hw_device [lindex [get_hw_devices xc7a100t_0] 0]
INFO: [Labtools 27-1434] Device xc7a100t (JTAG device index = 0) is programmed with a design that has no supported debug core(s) in it.
reset_run synth_1
launch_runs impl_1 -to_step write_bitstream -jobs 4
[Sun Mar 24 07:25:40 2019] Launched synth_1...
Run output will be captured here: C:/Users/FoersterGame/Documents/GitHub/ENES246/12ControlPathDoesDonts/6_ResetAsyncModule/reset.runs/synth_1/runme.log
[Sun Mar 24 07:25:40 2019] Launched impl_1...
Run output will be captured here: C:/Users/FoersterGame/Documents/GitHub/ENES246/12ControlPathDoesDonts/6_ResetAsyncModule/reset.runs/impl_1/runme.log
set_property PROBES.FILE {} [get_hw_devices xc7a100t_0]
set_property FULL_PROBES.FILE {} [get_hw_devices xc7a100t_0]
set_property PROGRAM.FILE {C:/Users/FoersterGame/Documents/GitHub/ENES246/12ControlPathDoesDonts/6_ResetAsyncModule/reset.runs/impl_1/clkDivider.bit} [get_hw_devices xc7a100t_0]
program_hw_devices [get_hw_devices xc7a100t_0]
INFO: [Labtools 27-3164] End of startup status: HIGH
refresh_hw_device [lindex [get_hw_devices xc7a100t_0] 0]
INFO: [Labtools 27-1434] Device xc7a100t (JTAG device index = 0) is programmed with a design that has no supported debug core(s) in it.
reset_run synth_1
launch_runs impl_1 -to_step write_bitstream -jobs 4
[Sun Mar 24 07:29:59 2019] Launched synth_1...
Run output will be captured here: C:/Users/FoersterGame/Documents/GitHub/ENES246/12ControlPathDoesDonts/6_ResetAsyncModule/reset.runs/synth_1/runme.log
[Sun Mar 24 07:29:59 2019] Launched impl_1...
Run output will be captured here: C:/Users/FoersterGame/Documents/GitHub/ENES246/12ControlPathDoesDonts/6_ResetAsyncModule/reset.runs/impl_1/runme.log
reset_run synth_1
launch_runs impl_1 -to_step write_bitstream -jobs 4
[Sun Mar 24 07:30:21 2019] Launched synth_1...
Run output will be captured here: C:/Users/FoersterGame/Documents/GitHub/ENES246/12ControlPathDoesDonts/6_ResetAsyncModule/reset.runs/synth_1/runme.log
[Sun Mar 24 07:30:21 2019] Launched impl_1...
Run output will be captured here: C:/Users/FoersterGame/Documents/GitHub/ENES246/12ControlPathDoesDonts/6_ResetAsyncModule/reset.runs/impl_1/runme.log
set_property PROBES.FILE {} [get_hw_devices xc7a100t_0]
set_property FULL_PROBES.FILE {} [get_hw_devices xc7a100t_0]
set_property PROGRAM.FILE {C:/Users/FoersterGame/Documents/GitHub/ENES246/12ControlPathDoesDonts/6_ResetAsyncModule/reset.runs/impl_1/clkDivider.bit} [get_hw_devices xc7a100t_0]
program_hw_devices [get_hw_devices xc7a100t_0]
INFO: [Labtools 27-3164] End of startup status: HIGH
refresh_hw_device [lindex [get_hw_devices xc7a100t_0] 0]
INFO: [Labtools 27-1434] Device xc7a100t (JTAG device index = 0) is programmed with a design that has no supported debug core(s) in it.
set_property PROBES.FILE {} [get_hw_devices xc7a100t_0]
set_property FULL_PROBES.FILE {} [get_hw_devices xc7a100t_0]
set_property PROGRAM.FILE {C:/Users/FoersterGame/Documents/GitHub/ENES246/12ControlPathDoesDonts/6_ResetAsyncModule/reset.runs/impl_1/clkDivider.bit} [get_hw_devices xc7a100t_0]
program_hw_devices [get_hw_devices xc7a100t_0]
INFO: [Labtools 27-3164] End of startup status: HIGH
refresh_hw_device [lindex [get_hw_devices xc7a100t_0] 0]
INFO: [Labtools 27-1434] Device xc7a100t (JTAG device index = 0) is programmed with a design that has no supported debug core(s) in it.
reset_run synth_1
launch_runs impl_1 -to_step write_bitstream -jobs 4
[Sun Mar 24 07:43:08 2019] Launched synth_1...
Run output will be captured here: C:/Users/FoersterGame/Documents/GitHub/ENES246/12ControlPathDoesDonts/6_ResetAsyncModule/reset.runs/synth_1/runme.log
[Sun Mar 24 07:43:08 2019] Launched impl_1...
Run output will be captured here: C:/Users/FoersterGame/Documents/GitHub/ENES246/12ControlPathDoesDonts/6_ResetAsyncModule/reset.runs/impl_1/runme.log
set_property PROBES.FILE {} [get_hw_devices xc7a100t_0]
set_property FULL_PROBES.FILE {} [get_hw_devices xc7a100t_0]
set_property PROGRAM.FILE {C:/Users/FoersterGame/Documents/GitHub/ENES246/12ControlPathDoesDonts/6_ResetAsyncModule/reset.runs/impl_1/clkDivider.bit} [get_hw_devices xc7a100t_0]
program_hw_devices [get_hw_devices xc7a100t_0]
INFO: [Labtools 27-3164] End of startup status: HIGH
refresh_hw_device [lindex [get_hw_devices xc7a100t_0] 0]
INFO: [Labtools 27-1434] Device xc7a100t (JTAG device index = 0) is programmed with a design that has no supported debug core(s) in it.
refresh_design
---------------------------------------------------------------------------------
Starting RTL Elaboration : Time (s): cpu = 00:00:02 ; elapsed = 00:00:02 . Memory (MB): peak = 2452.566 ; gain = 0.000
---------------------------------------------------------------------------------
INFO: [Synth 8-6157] synthesizing module 'clkDivider' [C:/Users/FoersterGame/Documents/GitHub/ENES246/12ControlPathDoesDonts/6_ResetAsyncModule/reset.srcs/sources_1/imports/clockTest/ClkDivider.sv:3]
WARNING: [Synth 8-87] always_comb on 'count_up_reg' did not result in combinational logic [C:/Users/FoersterGame/Documents/GitHub/ENES246/12ControlPathDoesDonts/6_ResetAsyncModule/reset.srcs/sources_1/imports/clockTest/ClkDivider.sv:16]
INFO: [Synth 8-6155] done synthesizing module 'clkDivider' (1#1) [C:/Users/FoersterGame/Documents/GitHub/ENES246/12ControlPathDoesDonts/6_ResetAsyncModule/reset.srcs/sources_1/imports/clockTest/ClkDivider.sv:3]
---------------------------------------------------------------------------------
Finished RTL Elaboration : Time (s): cpu = 00:00:02 ; elapsed = 00:00:02 . Memory (MB): peak = 2452.566 ; gain = 0.000
---------------------------------------------------------------------------------

Report Check Netlist: 
+------+------------------+-------+---------+-------+------------------+
|      |Item              |Errors |Warnings |Status |Description       |
+------+------------------+-------+---------+-------+------------------+
|1     |multi_driven_nets |      0|        0|Passed |Multi driven nets |
+------+------------------+-------+---------+-------+------------------+
---------------------------------------------------------------------------------
Start Handling Custom Attributes
---------------------------------------------------------------------------------
---------------------------------------------------------------------------------
Finished Handling Custom Attributes : Time (s): cpu = 00:00:02 ; elapsed = 00:00:02 . Memory (MB): peak = 2452.566 ; gain = 0.000
---------------------------------------------------------------------------------
---------------------------------------------------------------------------------
Finished RTL Optimization Phase 1 : Time (s): cpu = 00:00:02 ; elapsed = 00:00:02 . Memory (MB): peak = 2452.566 ; gain = 0.000
---------------------------------------------------------------------------------
INFO: [Project 1-570] Preparing netlist for logic optimization

Processing XDC Constraints
Initializing timing engine
Parsing XDC File [C:/Users/FoersterGame/Documents/GitHub/ENES246/12ControlPathDoesDonts/6_ResetAsyncModule/reset.srcs/constrs_1/imports/clockTest/Nexys4DDR_Master.xdc]
Finished Parsing XDC File [C:/Users/FoersterGame/Documents/GitHub/ENES246/12ControlPathDoesDonts/6_ResetAsyncModule/reset.srcs/constrs_1/imports/clockTest/Nexys4DDR_Master.xdc]
Completed Processing XDC Constraints

INFO: [Opt 31-138] Pushed 0 inverter(s) to 0 load pin(s).
save_project_as puff C:/Users/FoersterGame/Documents/GitHub/ENES246/12ControlPathDoesDonts/6_ResetAsyncModule -force
INFO: [ProjectBase 1-489] The host OS only allows 260 characters in a normal path. The project is stored in a path with more than 80 characters. If you experience issues with IP, Block Designs, or files not being found, please consider moving the project to a location with a shorter path. Alternately consider using the OS subst command to map part of the path to a drive letter.
Current project path is 'C:/Users/FoersterGame/Documents/GitHub/ENES246/12ControlPathDoesDonts/6_ResetAsyncModule'
close_project
exit
INFO: [Common 17-206] Exiting Vivado at Sun Mar 24 08:19:00 2019...
