#-----------------------------------------------------------
# Vivado v2018.3 (64-bit)
# SW Build 2405991 on Thu Dec  6 23:38:27 MST 2018
# IP Build 2404404 on Fri Dec  7 01:43:56 MST 2018
# Start of session at: Tue Apr  2 06:52:15 2019
# Process ID: 1408
# Current directory: C:/Users/FoersterGame/Documents/GitHub/ENES246/13Debounce_Shift/2_reUseableDeBounce
# Command line: vivado.exe -gui_launcher_event rodinguilauncherevent18336 C:\Users\FoersterGame\Documents\GitHub\ENES246\13Debounce_Shift\2_reUseableDeBounce\deBounce.xpr
# Log file: C:/Users/FoersterGame/Documents/GitHub/ENES246/13Debounce_Shift/2_reUseableDeBounce/vivado.log
# Journal file: C:/Users/FoersterGame/Documents/GitHub/ENES246/13Debounce_Shift/2_reUseableDeBounce\vivado.jou
#-----------------------------------------------------------
start_gui
open_project C:/Users/FoersterGame/Documents/GitHub/ENES246/13Debounce_Shift/2_reUseableDeBounce/deBounce.xpr
INFO: [ProjectBase 1-489] The host OS only allows 260 characters in a normal path. The project is stored in a path with more than 80 characters. If you experience issues with IP, Block Designs, or files not being found, please consider moving the project to a location with a shorter path. Alternately consider using the OS subst command to map part of the path to a drive letter.
Current project path is 'C:/Users/FoersterGame/Documents/GitHub/ENES246/13Debounce_Shift/2_reUseableDeBounce'
Scanning sources...
Finished scanning sources
INFO: [IP_Flow 19-234] Refreshing IP repositories
INFO: [IP_Flow 19-1704] No user IP repositories specified
INFO: [IP_Flow 19-2313] Loaded Vivado IP repository 'C:/Xilinx/Vivado/2018.3/data/ip'.
update_compile_order -fileset sources_1
update_compile_order -fileset sources_1
close_project
open_project C:/Users/FoersterGame/Documents/GitHub/ENES246/13Debounce_Shift/2_reUseableDeBounce/deBounce.xpr
INFO: [ProjectBase 1-489] The host OS only allows 260 characters in a normal path. The project is stored in a path with more than 80 characters. If you experience issues with IP, Block Designs, or files not being found, please consider moving the project to a location with a shorter path. Alternately consider using the OS subst command to map part of the path to a drive letter.
Current project path is 'C:/Users/FoersterGame/Documents/GitHub/ENES246/13Debounce_Shift/2_reUseableDeBounce'
Scanning sources...
Finished scanning sources
INFO: [IP_Flow 19-234] Refreshing IP repositories
INFO: [IP_Flow 19-1704] No user IP repositories specified
INFO: [IP_Flow 19-2313] Loaded Vivado IP repository 'C:/Xilinx/Vivado/2018.3/data/ip'.
update_compile_order -fileset sources_1
reset_run synth_1
launch_runs impl_1 -to_step write_bitstream -jobs 4
[Tue Apr  2 06:57:54 2019] Launched synth_1...
Run output will be captured here: C:/Users/FoersterGame/Documents/GitHub/ENES246/13Debounce_Shift/2_reUseableDeBounce/deBounce.runs/synth_1/runme.log
[Tue Apr  2 06:57:54 2019] Launched impl_1...
Run output will be captured here: C:/Users/FoersterGame/Documents/GitHub/ENES246/13Debounce_Shift/2_reUseableDeBounce/deBounce.runs/impl_1/runme.log
reset_run synth_1
launch_runs impl_1 -to_step write_bitstream -jobs 4
[Tue Apr  2 08:21:17 2019] Launched synth_1...
Run output will be captured here: C:/Users/FoersterGame/Documents/GitHub/ENES246/13Debounce_Shift/2_reUseableDeBounce/deBounce.runs/synth_1/runme.log
[Tue Apr  2 08:21:17 2019] Launched impl_1...
Run output will be captured here: C:/Users/FoersterGame/Documents/GitHub/ENES246/13Debounce_Shift/2_reUseableDeBounce/deBounce.runs/impl_1/runme.log
exit
INFO: [Common 17-206] Exiting Vivado at Tue Apr  2 08:22:54 2019...
