#-----------------------------------------------------------
# Vivado v2018.3 (64-bit)
# SW Build 2405991 on Thu Dec  6 23:38:27 MST 2018
# IP Build 2404404 on Fri Dec  7 01:43:56 MST 2018
# Start of session at: Wed Apr  3 07:23:38 2019
# Process ID: 11520
# Current directory: C:/Users/FoersterGame/Documents/GitHub/ENES246/13Debounce_Shift/2_deBounceFz
# Command line: vivado.exe -gui_launcher_event rodinguilauncherevent14852 C:\Users\FoersterGame\Documents\GitHub\ENES246\13Debounce_Shift\2_deBounceFz\debouncefz.xpr
# Log file: C:/Users/FoersterGame/Documents/GitHub/ENES246/13Debounce_Shift/2_deBounceFz/vivado.log
# Journal file: C:/Users/FoersterGame/Documents/GitHub/ENES246/13Debounce_Shift/2_deBounceFz\vivado.jou
#-----------------------------------------------------------
start_gui
open_project C:/Users/FoersterGame/Documents/GitHub/ENES246/13Debounce_Shift/2_deBounceFz/debouncefz.xpr
INFO: [Project 1-313] Project file moved from 'C:/Users/SET253-17U.HCCMAIN/Documents/GitHub/ENES246/13Debounce_Shift/2_deBounceFz/debouncefz' since last save.
Scanning sources...
Finished scanning sources
INFO: [IP_Flow 19-234] Refreshing IP repositories
INFO: [IP_Flow 19-1704] No user IP repositories specified
INFO: [IP_Flow 19-2313] Loaded Vivado IP repository 'C:/Xilinx/Vivado/2018.3/data/ip'.
update_compile_order -fileset sources_1
reset_run synth_1
launch_runs impl_1 -to_step write_bitstream -jobs 4
[Wed Apr  3 07:24:22 2019] Launched synth_1...
Run output will be captured here: C:/Users/FoersterGame/Documents/GitHub/ENES246/13Debounce_Shift/2_deBounceFz/debouncefz.runs/synth_1/runme.log
[Wed Apr  3 07:24:22 2019] Launched impl_1...
Run output will be captured here: C:/Users/FoersterGame/Documents/GitHub/ENES246/13Debounce_Shift/2_deBounceFz/debouncefz.runs/impl_1/runme.log
exit
INFO: [Common 17-206] Exiting Vivado at Wed Apr  3 07:26:04 2019...
