#-----------------------------------------------------------
# Vivado v2018.3 (64-bit)
# SW Build 2405991 on Thu Dec  6 23:38:27 MST 2018
# IP Build 2404404 on Fri Dec  7 01:43:56 MST 2018
# Start of session at: Tue Apr  2 16:53:10 2019
# Process ID: 11608
# Current directory: C:/Users/SET253-17U.HCCMAIN/Documents/GitHub/ENES246/13Debounce_Shift/5_UniversalShiftRegister/project2_CliffClassic
# Command line: vivado.exe -gui_launcher_event rodinguilauncherevent2404 C:\Users\SET253-17U.HCCMAIN\Documents\GitHub\ENES246\13Debounce_Shift\5_UniversalShiftRegister\project2_CliffClassic\cliff_classic.xpr
# Log file: C:/Users/SET253-17U.HCCMAIN/Documents/GitHub/ENES246/13Debounce_Shift/5_UniversalShiftRegister/project2_CliffClassic/vivado.log
# Journal file: C:/Users/SET253-17U.HCCMAIN/Documents/GitHub/ENES246/13Debounce_Shift/5_UniversalShiftRegister/project2_CliffClassic\vivado.jou
#-----------------------------------------------------------
start_gui
open_project C:/Users/SET253-17U.HCCMAIN/Documents/GitHub/ENES246/13Debounce_Shift/5_UniversalShiftRegister/project2_CliffClassic/cliff_classic.xpr
INFO: [ProjectBase 1-489] The host OS only allows 260 characters in a normal path. The project is stored in a path with more than 80 characters. If you experience issues with IP, Block Designs, or files not being found, please consider moving the project to a location with a shorter path. Alternately consider using the OS subst command to map part of the path to a drive letter.
Current project path is 'C:/Users/SET253-17U.HCCMAIN/Documents/GitHub/ENES246/13Debounce_Shift/5_UniversalShiftRegister/project2_CliffClassic'
INFO: [Project 1-313] Project file moved from 'C:/Users/FoersterGame/Documents/GitHub/ENES246/13Debounce_Shift/4_UniversalShiftRegister/project2/cliff_classic' since last save.
Scanning sources...
Finished scanning sources
WARNING: [filemgmt 56-2] IPUserFilesDir: Could not find the directory 'C:/Users/SET253-17U.HCCMAIN/Documents/GitHub/ENES246/13Debounce_Shift/5_UniversalShiftRegister/project2_CliffClassic/cliff_classic.ip_user_files', nor could it be found using path 'C:/Users/FoersterGame/Documents/GitHub/ENES246/13Debounce_Shift/4_UniversalShiftRegister/project2/cliff_classic/cliff_classic.ip_user_files'.
INFO: [IP_Flow 19-234] Refreshing IP repositories
INFO: [IP_Flow 19-1704] No user IP repositories specified
INFO: [IP_Flow 19-2313] Loaded Vivado IP repository 'C:/Xilinx/Vivado/2018.3/data/ip'.
open_project: Time (s): cpu = 00:00:12 ; elapsed = 00:00:06 . Memory (MB): peak = 746.965 ; gain = 150.234
update_compile_order -fileset sources_1
open_run synth_1 -name synth_1
Design is defaulting to impl run constrset: constrs_1
Design is defaulting to synth run part: xc7a100tcsg324-1
INFO: [Project 1-479] Netlist was created with Vivado 2018.3
INFO: [Device 21-403] Loading part xc7a100tcsg324-1
INFO: [Project 1-570] Preparing netlist for logic optimization
Parsing XDC File [C:/Users/SET253-17U.HCCMAIN/Documents/GitHub/ENES246/13Debounce_Shift/5_UniversalShiftRegister/project2_CliffClassic/cliff_classic.srcs/constrs_1/imports/ENES246/Nexys4DDR_Master.xdc]
Finished Parsing XDC File [C:/Users/SET253-17U.HCCMAIN/Documents/GitHub/ENES246/13Debounce_Shift/5_UniversalShiftRegister/project2_CliffClassic/cliff_classic.srcs/constrs_1/imports/ENES246/Nexys4DDR_Master.xdc]
INFO: [Opt 31-138] Pushed 0 inverter(s) to 0 load pin(s).
Netlist sorting complete. Time (s): cpu = 00:00:00 ; elapsed = 00:00:00 . Memory (MB): peak = 1068.855 ; gain = 0.000
INFO: [Project 1-111] Unisim Transformation Summary:
No Unisim elements were transformed.

open_run: Time (s): cpu = 00:00:16 ; elapsed = 00:00:11 . Memory (MB): peak = 1179.105 ; gain = 318.285
exit
INFO: [Common 17-206] Exiting Vivado at Tue Apr  2 17:08:14 2019...
