#-----------------------------------------------------------
# Vivado v2018.3 (64-bit)
# SW Build 2405991 on Thu Dec  6 23:38:27 MST 2018
# IP Build 2404404 on Fri Dec  7 01:43:56 MST 2018
# Start of session at: Mon Feb 25 14:13:02 2019
# Process ID: 9972
# Current directory: C:/Users/Firev/OneDrive/Documents/GitHub/Steven-Jugler-ENES-246-501/Steven ENES/-5MuxOfMux/m16x4Mux
# Command line: vivado.exe -gui_launcher_event rodinguilauncherevent19608 C:\Users\Firev\OneDrive\Documents\GitHub\Steven-Jugler-ENES-246-501\Steven ENES\-5MuxOfMux\m16x4Mux\m16x4Mux.xpr
# Log file: C:/Users/Firev/OneDrive/Documents/GitHub/Steven-Jugler-ENES-246-501/Steven ENES/-5MuxOfMux/m16x4Mux/vivado.log
# Journal file: C:/Users/Firev/OneDrive/Documents/GitHub/Steven-Jugler-ENES-246-501/Steven ENES/-5MuxOfMux/m16x4Mux\vivado.jou
#-----------------------------------------------------------
start_gui
open_project {C:/Users/Firev/OneDrive/Documents/GitHub/Steven-Jugler-ENES-246-501/Steven ENES/-5MuxOfMux/m16x4Mux/m16x4Mux.xpr}
INFO: [ProjectBase 1-489] The host OS only allows 260 characters in a normal path. The project is stored in a path with more than 80 characters. If you experience issues with IP, Block Designs, or files not being found, please consider moving the project to a location with a shorter path. Alternately consider using the OS subst command to map part of the path to a drive letter.
Current project path is 'C:/Users/Firev/OneDrive/Documents/GitHub/Steven-Jugler-ENES-246-501/Steven ENES/-5MuxOfMux/m16x4Mux'
Scanning sources...
Finished scanning sources
WARNING: [filemgmt 56-3] IPUserFilesDir: Could not find the directory 'C:/Users/Firev/OneDrive/Documents/GitHub/Steven-Jugler-ENES-246-501/Steven ENES/-5MuxOfMux/m16x4Mux/m16x4Mux.ip_user_files'.
INFO: [IP_Flow 19-234] Refreshing IP repositories
INFO: [IP_Flow 19-1704] No user IP repositories specified
INFO: [IP_Flow 19-2313] Loaded Vivado IP repository 'C:/Xilinx/Vivado/2018.3/data/ip'.
open_project: Time (s): cpu = 00:00:15 ; elapsed = 00:00:07 . Memory (MB): peak = 693.621 ; gain = 119.633
update_compile_order -fileset sources_1
add_files -fileset constrs_1 -norecurse {{C:/Users/Firev/OneDrive/Documents/GitHub/Steven-Jugler-ENES-246-501/Steven ENES/-6TestingTruthTables/1decoder/Nexys4DDR_Master.xdc}}
reset_run synth_1
launch_runs impl_1 -to_step write_bitstream -jobs 2
[Mon Feb 25 14:16:04 2019] Launched synth_1...
Run output will be captured here: C:/Users/Firev/OneDrive/Documents/GitHub/Steven-Jugler-ENES-246-501/Steven ENES/-5MuxOfMux/m16x4Mux/m16x4Mux.runs/synth_1/runme.log
[Mon Feb 25 14:16:04 2019] Launched impl_1...
Run output will be captured here: C:/Users/Firev/OneDrive/Documents/GitHub/Steven-Jugler-ENES-246-501/Steven ENES/-5MuxOfMux/m16x4Mux/m16x4Mux.runs/impl_1/runme.log
open_hw
connect_hw_server
INFO: [Labtools 27-2285] Connecting to hw_server url TCP:localhost:3121
INFO: [Labtools 27-2222] Launching hw_server...
INFO: [Labtools 27-2221] Launch Output:

****** Xilinx hw_server v2018.3
  **** Build date : Dec  7 2018-00:40:27
    ** Copyright 1986-2018 Xilinx, Inc. All Rights Reserved.


open_hw_target
INFO: [Labtoolstcl 44-466] Opening hw_target localhost:3121/xilinx_tcf/Digilent/210292A4022DA
set_property PROGRAM.FILE {C:/Users/Firev/OneDrive/Documents/GitHub/Steven-Jugler-ENES-246-501/Steven ENES/-5MuxOfMux/m16x4Mux/m16x4Mux.runs/impl_1/m16x4Mux.bit} [get_hw_devices xc7a100t_0]
current_hw_device [get_hw_devices xc7a100t_0]
refresh_hw_device -update_hw_probes false [lindex [get_hw_devices xc7a100t_0] 0]
INFO: [Labtools 27-1434] Device xc7a100t (JTAG device index = 0) is programmed with a design that has no supported debug core(s) in it.
set_property PROBES.FILE {} [get_hw_devices xc7a100t_0]
set_property FULL_PROBES.FILE {} [get_hw_devices xc7a100t_0]
set_property PROGRAM.FILE {C:/Users/Firev/OneDrive/Documents/GitHub/Steven-Jugler-ENES-246-501/Steven ENES/-5MuxOfMux/m16x4Mux/m16x4Mux.runs/impl_1/m16x4Mux.bit} [get_hw_devices xc7a100t_0]
program_hw_devices [get_hw_devices xc7a100t_0]
INFO: [Labtools 27-3164] End of startup status: HIGH
refresh_hw_device [lindex [get_hw_devices xc7a100t_0] 0]
INFO: [Labtools 27-1434] Device xc7a100t (JTAG device index = 0) is programmed with a design that has no supported debug core(s) in it.
close_hw
set_property is_enabled false [get_files  {{C:/Users/Firev/OneDrive/Documents/GitHub/Steven-Jugler-ENES-246-501/Steven ENES/-5MuxOfMux/m16x4Mux/m16x4Mux.srcs/constrs_1/imports/m16x4Mux/Nexys4DDR_Master.xdc}}]
reset_run synth_1
launch_runs impl_1 -to_step write_bitstream -jobs 2
[Mon Feb 25 14:22:10 2019] Launched synth_1...
Run output will be captured here: C:/Users/Firev/OneDrive/Documents/GitHub/Steven-Jugler-ENES-246-501/Steven ENES/-5MuxOfMux/m16x4Mux/m16x4Mux.runs/synth_1/runme.log
[Mon Feb 25 14:22:10 2019] Launched impl_1...
Run output will be captured here: C:/Users/Firev/OneDrive/Documents/GitHub/Steven-Jugler-ENES-246-501/Steven ENES/-5MuxOfMux/m16x4Mux/m16x4Mux.runs/impl_1/runme.log
exit
INFO: [Common 17-206] Exiting Vivado at Mon Feb 25 14:41:28 2019...
