#-----------------------------------------------------------
# Vivado v2018.3 (64-bit)
# SW Build 2405991 on Thu Dec  6 23:38:27 MST 2018
# IP Build 2404404 on Fri Dec  7 01:43:56 MST 2018
# Start of session at: Wed Feb 27 16:13:43 2019
# Process ID: 3428
# Current directory: C:/Users/Firev/OneDrive/Documents/GitHub/Steven-Jugler-ENES-246-501/Steven ENES/-8SevenSegDisplays/2_HexTo7SegDisplay
# Command line: vivado.exe -gui_launcher_event rodinguilauncherevent18288 C:\Users\Firev\OneDrive\Documents\GitHub\Steven-Jugler-ENES-246-501\Steven ENES\-8SevenSegDisplays\2_HexTo7SegDisplay\hexTo7seg.xpr
# Log file: C:/Users/Firev/OneDrive/Documents/GitHub/Steven-Jugler-ENES-246-501/Steven ENES/-8SevenSegDisplays/2_HexTo7SegDisplay/vivado.log
# Journal file: C:/Users/Firev/OneDrive/Documents/GitHub/Steven-Jugler-ENES-246-501/Steven ENES/-8SevenSegDisplays/2_HexTo7SegDisplay\vivado.jou
#-----------------------------------------------------------
start_gui
open_project {C:/Users/Firev/OneDrive/Documents/GitHub/Steven-Jugler-ENES-246-501/Steven ENES/-8SevenSegDisplays/2_HexTo7SegDisplay/hexTo7seg.xpr}
INFO: [ProjectBase 1-489] The host OS only allows 260 characters in a normal path. The project is stored in a path with more than 80 characters. If you experience issues with IP, Block Designs, or files not being found, please consider moving the project to a location with a shorter path. Alternately consider using the OS subst command to map part of the path to a drive letter.
Current project path is 'C:/Users/Firev/OneDrive/Documents/GitHub/Steven-Jugler-ENES-246-501/Steven ENES/-8SevenSegDisplays/2_HexTo7SegDisplay'
INFO: [Project 1-313] Project file moved from 'C:/Users/FoersterGame/Documents/GitHub/ENES247/lab2-7segDisplayofAdders/Lab2_3_hexTo7seg' since last save.
Scanning sources...
Finished scanning sources
WARNING: [filemgmt 56-2] IPUserFilesDir: Could not find the directory 'C:/Users/Firev/OneDrive/Documents/GitHub/Steven-Jugler-ENES-246-501/Steven ENES/-8SevenSegDisplays/2_HexTo7SegDisplay/hexTo7seg.ip_user_files', nor could it be found using path 'C:/Users/FoersterGame/Documents/GitHub/ENES247/lab2-7segDisplayofAdders/Lab2_3_hexTo7seg/hexTo7seg.ip_user_files'.
CRITICAL WARNING: [Board 49-67] The board_part definition was not found for digilentinc.com:nexys4_ddr:part0:1.1. This can happen sometimes when you use custom board part. You can resolve this issue by setting 'board.repoPaths' parameter, pointing to the location of custom board files. Valid board_part values can be retrieved with the 'get_board_parts' Tcl command.
INFO: [IP_Flow 19-234] Refreshing IP repositories
INFO: [IP_Flow 19-1704] No user IP repositories specified
INFO: [IP_Flow 19-2313] Loaded Vivado IP repository 'C:/Xilinx/Vivado/2018.3/data/ip'.
open_project: Time (s): cpu = 00:00:13 ; elapsed = 00:00:06 . Memory (MB): peak = 707.828 ; gain = 75.254
update_compile_order -fileset sources_1
reset_run synth_1
launch_runs impl_1 -to_step write_bitstream -jobs 2
[Wed Feb 27 16:14:33 2019] Launched synth_1...
Run output will be captured here: C:/Users/Firev/OneDrive/Documents/GitHub/Steven-Jugler-ENES-246-501/Steven ENES/-8SevenSegDisplays/2_HexTo7SegDisplay/hexTo7seg.runs/synth_1/runme.log
[Wed Feb 27 16:14:33 2019] Launched impl_1...
Run output will be captured here: C:/Users/Firev/OneDrive/Documents/GitHub/Steven-Jugler-ENES-246-501/Steven ENES/-8SevenSegDisplays/2_HexTo7SegDisplay/hexTo7seg.runs/impl_1/runme.log
open_hw
connect_hw_server
INFO: [Labtools 27-2285] Connecting to hw_server url TCP:localhost:3121
open_hw_target
INFO: [Labtoolstcl 44-466] Opening hw_target localhost:3121/xilinx_tcf/Digilent/210292A4022DA
set_property PROGRAM.FILE {C:/Users/Firev/OneDrive/Documents/GitHub/Steven-Jugler-ENES-246-501/Steven ENES/-8SevenSegDisplays/2_HexTo7SegDisplay/hexTo7seg.runs/impl_1/hexTo7seg.bit} [get_hw_devices xc7a100t_0]
current_hw_device [get_hw_devices xc7a100t_0]
refresh_hw_device -update_hw_probes false [lindex [get_hw_devices xc7a100t_0] 0]
INFO: [Labtools 27-1434] Device xc7a100t (JTAG device index = 0) is programmed with a design that has no supported debug core(s) in it.
set_property PROBES.FILE {} [get_hw_devices xc7a100t_0]
set_property FULL_PROBES.FILE {} [get_hw_devices xc7a100t_0]
set_property PROGRAM.FILE {C:/Users/Firev/OneDrive/Documents/GitHub/Steven-Jugler-ENES-246-501/Steven ENES/-8SevenSegDisplays/2_HexTo7SegDisplay/hexTo7seg.runs/impl_1/hexTo7seg.bit} [get_hw_devices xc7a100t_0]
program_hw_devices [get_hw_devices xc7a100t_0]
INFO: [Labtools 27-3164] End of startup status: HIGH
refresh_hw_device [lindex [get_hw_devices xc7a100t_0] 0]
INFO: [Labtools 27-1434] Device xc7a100t (JTAG device index = 0) is programmed with a design that has no supported debug core(s) in it.
ERROR: [Labtoolstcl 44-513] HW Target shutdown. Closing target: localhost:3121/xilinx_tcf/Digilent/210292A4022DA
exit
INFO: [Common 17-206] Exiting Vivado at Thu Feb 28 14:57:34 2019...
