#-----------------------------------------------------------
# Vivado v2018.3 (64-bit)
# SW Build 2405991 on Thu Dec  6 23:38:27 MST 2018
# IP Build 2404404 on Fri Dec  7 01:43:56 MST 2018
# Start of session at: Wed Jan 30 16:12:43 2019
# Process ID: 11688
# Current directory: C:/Users/SET253-01U.HCCMAIN/Desktop/Steven ENES/-1Buffers/buffers
# Command line: vivado.exe -gui_launcher_event rodinguilauncherevent4028 C:\Users\SET253-01U.HCCMAIN\Desktop\Steven ENES\-1Buffers\buffers\buffers.xpr
# Log file: C:/Users/SET253-01U.HCCMAIN/Desktop/Steven ENES/-1Buffers/buffers/vivado.log
# Journal file: C:/Users/SET253-01U.HCCMAIN/Desktop/Steven ENES/-1Buffers/buffers\vivado.jou
#-----------------------------------------------------------
start_gui
open_project {C:/Users/SET253-01U.HCCMAIN/Desktop/Steven ENES/-1Buffers/buffers/buffers.xpr}
Scanning sources...
Finished scanning sources
INFO: [IP_Flow 19-234] Refreshing IP repositories
INFO: [IP_Flow 19-1704] No user IP repositories specified
INFO: [IP_Flow 19-2313] Loaded Vivado IP repository 'C:/Xilinx/Vivado/2018.3/data/ip'.
open_project: Time (s): cpu = 00:00:12 ; elapsed = 00:00:06 . Memory (MB): peak = 692.781 ; gain = 96.391
update_compile_order -fileset sources_1
synth_design -rtl -name rtl_1
Command: synth_design -rtl -name rtl_1
Starting synth_design
Using part: xc7a100tcsg324-1
Top: switchLED
---------------------------------------------------------------------------------
Starting RTL Elaboration : Time (s): cpu = 00:00:03 ; elapsed = 00:00:02 . Memory (MB): peak = 831.363 ; gain = 79.719
---------------------------------------------------------------------------------
INFO: [Synth 8-6157] synthesizing module 'switchLED' [C:/Users/SET253-01U.HCCMAIN/Desktop/Steven ENES/-1Buffers/buffers/buffers.srcs/sources_1/imports/RTL/Lab1-1Buffers.v:11]
INFO: [Synth 8-6155] done synthesizing module 'switchLED' (1#1) [C:/Users/SET253-01U.HCCMAIN/Desktop/Steven ENES/-1Buffers/buffers/buffers.srcs/sources_1/imports/RTL/Lab1-1Buffers.v:11]
WARNING: [Synth 8-3330] design switchLED has an empty top module
---------------------------------------------------------------------------------
Finished RTL Elaboration : Time (s): cpu = 00:00:03 ; elapsed = 00:00:03 . Memory (MB): peak = 855.230 ; gain = 103.586
---------------------------------------------------------------------------------

Report Check Netlist: 
+------+------------------+-------+---------+-------+------------------+
|      |Item              |Errors |Warnings |Status |Description       |
+------+------------------+-------+---------+-------+------------------+
|1     |multi_driven_nets |      0|        0|Passed |Multi driven nets |
+------+------------------+-------+---------+-------+------------------+
---------------------------------------------------------------------------------
Start Handling Custom Attributes
---------------------------------------------------------------------------------
---------------------------------------------------------------------------------
Finished Handling Custom Attributes : Time (s): cpu = 00:00:03 ; elapsed = 00:00:03 . Memory (MB): peak = 855.230 ; gain = 103.586
---------------------------------------------------------------------------------
---------------------------------------------------------------------------------
Finished RTL Optimization Phase 1 : Time (s): cpu = 00:00:03 ; elapsed = 00:00:03 . Memory (MB): peak = 855.230 ; gain = 103.586
---------------------------------------------------------------------------------
INFO: [Device 21-403] Loading part xc7a100tcsg324-1
INFO: [Project 1-570] Preparing netlist for logic optimization
INFO: [Opt 31-140] Inserted 16 IBUFs to IO ports without IO buffers.
INFO: [Opt 31-141] Inserted 16 OBUFs to IO ports without IO buffers.

Processing XDC Constraints
Initializing timing engine
Parsing XDC File [C:/Users/SET253-01U.HCCMAIN/Desktop/Steven ENES/-1Buffers/buffers/buffers.srcs/constrs_1/imports/Vivado_RTL/buffers.xdc]
Finished Parsing XDC File [C:/Users/SET253-01U.HCCMAIN/Desktop/Steven ENES/-1Buffers/buffers/buffers.srcs/constrs_1/imports/Vivado_RTL/buffers.xdc]
Completed Processing XDC Constraints

INFO: [Opt 31-138] Pushed 0 inverter(s) to 0 load pin(s).
Netlist sorting complete. Time (s): cpu = 00:00:00 ; elapsed = 00:00:00 . Memory (MB): peak = 1152.129 ; gain = 0.000
INFO: [Project 1-111] Unisim Transformation Summary:
No Unisim elements were transformed.

RTL Elaboration Complete:  : Time (s): cpu = 00:00:16 ; elapsed = 00:00:12 . Memory (MB): peak = 1195.227 ; gain = 443.582
8 Infos, 1 Warnings, 0 Critical Warnings and 0 Errors encountered.
synth_design completed successfully
synth_design: Time (s): cpu = 00:00:16 ; elapsed = 00:00:12 . Memory (MB): peak = 1195.227 ; gain = 443.582
reset_run synth_1
launch_runs synth_1 -jobs 2
[Wed Jan 30 16:14:29 2019] Launched synth_1...
Run output will be captured here: C:/Users/SET253-01U.HCCMAIN/Desktop/Steven ENES/-1Buffers/buffers/buffers.runs/synth_1/runme.log
open_run synth_1 -name synth_1
Design is defaulting to impl run constrset: constrs_1
Design is defaulting to synth run part: xc7a100tcsg324-1
INFO: [Project 1-479] Netlist was created with Vivado 2018.3
INFO: [Project 1-570] Preparing netlist for logic optimization
Parsing XDC File [C:/Users/SET253-01U.HCCMAIN/Desktop/Steven ENES/-1Buffers/buffers/buffers.srcs/constrs_1/imports/Vivado_RTL/buffers.xdc]
Finished Parsing XDC File [C:/Users/SET253-01U.HCCMAIN/Desktop/Steven ENES/-1Buffers/buffers/buffers.srcs/constrs_1/imports/Vivado_RTL/buffers.xdc]
INFO: [Opt 31-138] Pushed 0 inverter(s) to 0 load pin(s).
Netlist sorting complete. Time (s): cpu = 00:00:00 ; elapsed = 00:00:00 . Memory (MB): peak = 1313.656 ; gain = 0.000
INFO: [Project 1-111] Unisim Transformation Summary:
No Unisim elements were transformed.

current_design rtl_1
exit
INFO: [Common 17-206] Exiting Vivado at Wed Jan 30 16:22:00 2019...
