#-----------------------------------------------------------
# Vivado v2018.3 (64-bit)
# SW Build 2405991 on Thu Dec  6 23:38:27 MST 2018
# IP Build 2404404 on Fri Dec  7 01:43:56 MST 2018
# Start of session at: Mon Mar 18 08:17:16 2019
# Process ID: 1472
# Current directory: C:/Users/FoersterGame/Documents/GitHub/ENES246/13Shift/1_ShiftOperator
# Command line: vivado.exe -gui_launcher_event rodinguilauncherevent12920 C:\Users\FoersterGame\Documents\GitHub\ENES246\13Shift\1_ShiftOperator\ShiftOperator.xpr
# Log file: C:/Users/FoersterGame/Documents/GitHub/ENES246/13Shift/1_ShiftOperator/vivado.log
# Journal file: C:/Users/FoersterGame/Documents/GitHub/ENES246/13Shift/1_ShiftOperator\vivado.jou
#-----------------------------------------------------------
start_gui
open_project C:/Users/FoersterGame/Documents/GitHub/ENES246/13Shift/1_ShiftOperator/ShiftOperator.xpr
INFO: [Project 1-313] Project file moved from 'C:/Users/FoersterGame/Documents/GitHub/ENES246/11IP/4_ShiftOperator' since last save.
Scanning sources...
Finished scanning sources
INFO: [IP_Flow 19-234] Refreshing IP repositories
INFO: [IP_Flow 19-1704] No user IP repositories specified
INFO: [IP_Flow 19-2313] Loaded Vivado IP repository 'C:/Xilinx/Vivado/2018.3/data/ip'.
update_compile_order -fileset sources_1
exit
INFO: [Common 17-206] Exiting Vivado at Mon Mar 18 09:10:52 2019...
