#-----------------------------------------------------------
# Vivado v2018.3 (64-bit)
# SW Build 2405991 on Thu Dec  6 23:38:27 MST 2018
# IP Build 2404404 on Fri Dec  7 01:43:56 MST 2018
# Start of session at: Wed Apr  3 08:44:52 2019
# Process ID: 18068
# Current directory: C:/Users/FoersterGame/Documents/GitHub/ENES246/13Debounce_Shift/8_ShiftClockCliff
# Command line: vivado.exe -gui_launcher_event rodinguilauncherevent11376 C:\Users\FoersterGame\Documents\GitHub\ENES246\13Debounce_Shift\8_ShiftClockCliff\circularShift.xpr
# Log file: C:/Users/FoersterGame/Documents/GitHub/ENES246/13Debounce_Shift/8_ShiftClockCliff/vivado.log
# Journal file: C:/Users/FoersterGame/Documents/GitHub/ENES246/13Debounce_Shift/8_ShiftClockCliff\vivado.jou
#-----------------------------------------------------------
start_gui
open_project C:/Users/FoersterGame/Documents/GitHub/ENES246/13Debounce_Shift/8_ShiftClockCliff/circularShift.xpr
INFO: [ProjectBase 1-489] The host OS only allows 260 characters in a normal path. The project is stored in a path with more than 80 characters. If you experience issues with IP, Block Designs, or files not being found, please consider moving the project to a location with a shorter path. Alternately consider using the OS subst command to map part of the path to a drive letter.
Current project path is 'C:/Users/FoersterGame/Documents/GitHub/ENES246/13Debounce_Shift/8_ShiftClockCliff'
INFO: [Project 1-313] Project file moved from 'C:/Users/FoersterGame/Documents/GitHub/ENES246/13Debounce_Shift/4_UniversalShiftRegister/project3_AddingCliffClassic_to_Shift_Operator' since last save.
Scanning sources...
Finished scanning sources
INFO: [IP_Flow 19-234] Refreshing IP repositories
INFO: [IP_Flow 19-1704] No user IP repositories specified
INFO: [IP_Flow 19-2313] Loaded Vivado IP repository 'C:/Xilinx/Vivado/2018.3/data/ip'.
update_compile_order -fileset sources_1
reset_run synth_1
launch_runs impl_1 -to_step write_bitstream -jobs 4
[Wed Apr  3 08:45:07 2019] Launched synth_1...
Run output will be captured here: C:/Users/FoersterGame/Documents/GitHub/ENES246/13Debounce_Shift/8_ShiftClockCliff/circularShift.runs/synth_1/runme.log
[Wed Apr  3 08:45:07 2019] Launched impl_1...
Run output will be captured here: C:/Users/FoersterGame/Documents/GitHub/ENES246/13Debounce_Shift/8_ShiftClockCliff/circularShift.runs/impl_1/runme.log
exit
INFO: [Common 17-206] Exiting Vivado at Wed Apr  3 09:46:36 2019...
