
*** Running vivado
    with args -log m16x4Mux.vds -m64 -product Vivado -mode batch -messageDb vivado.pb -notrace -source m16x4Mux.tcl


****** Vivado v2018.3 (64-bit)
  **** SW Build 2405991 on Thu Dec  6 23:38:27 MST 2018
  **** IP Build 2404404 on Fri Dec  7 01:43:56 MST 2018
    ** Copyright 1986-2018 Xilinx, Inc. All Rights Reserved.

source m16x4Mux.tcl -notrace
Command: synth_design -top m16x4Mux -part xc7a100tcsg324-1
Starting synth_design
Attempting to get a license for feature 'Synthesis' and/or device 'xc7a100t'
INFO: [Common 17-349] Got license for feature 'Synthesis' and/or device 'xc7a100t'
INFO: Launching helper process for spawning children vivado processes
INFO: Helper process launched with PID 6876 
---------------------------------------------------------------------------------
Starting RTL Elaboration : Time (s): cpu = 00:00:02 ; elapsed = 00:00:02 . Memory (MB): peak = 363.207 ; gain = 100.996
---------------------------------------------------------------------------------
INFO: [Synth 8-6157] synthesizing module 'm16x4Mux' [C:/Users/Firev/OneDrive/Documents/GitHub/Steven-Jugler-ENES-246-501/Steven ENES/-5MuxOfMux/m16x4Mux/m16x4Mux.srcs/sources_1/new/m16x4Mux.v:3]
INFO: [Synth 8-6157] synthesizing module 'm4x2Mux' [C:/Users/Firev/OneDrive/Documents/GitHub/Steven-Jugler-ENES-246-501/Steven ENES/-5MuxOfMux/m16x4Mux/m16x4Mux.srcs/sources_1/imports/vivado/m4x2Mux/m4x2Mux/m4x2Mux.srcs/sources_1/new/m4x2Mux.v:3]
INFO: [Synth 8-6157] synthesizing module 'm2x1Mux' [C:/Users/Firev/OneDrive/Documents/GitHub/Steven-Jugler-ENES-246-501/Steven ENES/-5MuxOfMux/m16x4Mux/m16x4Mux.srcs/sources_1/imports/vivado/m2x1Mux/m2x1Mux/m2x1Mux.srcs/sources_1/new/m2x1mux.v:2]
INFO: [Synth 8-6155] done synthesizing module 'm2x1Mux' (1#1) [C:/Users/Firev/OneDrive/Documents/GitHub/Steven-Jugler-ENES-246-501/Steven ENES/-5MuxOfMux/m16x4Mux/m16x4Mux.srcs/sources_1/imports/vivado/m2x1Mux/m2x1Mux/m2x1Mux.srcs/sources_1/new/m2x1mux.v:2]
INFO: [Synth 8-6155] done synthesizing module 'm4x2Mux' (2#1) [C:/Users/Firev/OneDrive/Documents/GitHub/Steven-Jugler-ENES-246-501/Steven ENES/-5MuxOfMux/m16x4Mux/m16x4Mux.srcs/sources_1/imports/vivado/m4x2Mux/m4x2Mux/m4x2Mux.srcs/sources_1/new/m4x2Mux.v:3]
INFO: [Synth 8-6155] done synthesizing module 'm16x4Mux' (3#1) [C:/Users/Firev/OneDrive/Documents/GitHub/Steven-Jugler-ENES-246-501/Steven ENES/-5MuxOfMux/m16x4Mux/m16x4Mux.srcs/sources_1/new/m16x4Mux.v:3]
---------------------------------------------------------------------------------
Finished RTL Elaboration : Time (s): cpu = 00:00:03 ; elapsed = 00:00:03 . Memory (MB): peak = 418.500 ; gain = 156.289
---------------------------------------------------------------------------------

Report Check Netlist: 
+------+------------------+-------+---------+-------+------------------+
|      |Item              |Errors |Warnings |Status |Description       |
+------+------------------+-------+---------+-------+------------------+
|1     |multi_driven_nets |      0|        0|Passed |Multi driven nets |
+------+------------------+-------+---------+-------+------------------+
---------------------------------------------------------------------------------
Start Handling Custom Attributes
---------------------------------------------------------------------------------
---------------------------------------------------------------------------------
Finished Handling Custom Attributes : Time (s): cpu = 00:00:03 ; elapsed = 00:00:03 . Memory (MB): peak = 418.500 ; gain = 156.289
---------------------------------------------------------------------------------
---------------------------------------------------------------------------------
Finished RTL Optimization Phase 1 : Time (s): cpu = 00:00:03 ; elapsed = 00:00:03 . Memory (MB): peak = 418.500 ; gain = 156.289
---------------------------------------------------------------------------------
INFO: [Device 21-403] Loading part xc7a100tcsg324-1
INFO: [Project 1-570] Preparing netlist for logic optimization

Processing XDC Constraints
Initializing timing engine
Parsing XDC File [C:/Users/Firev/OneDrive/Documents/GitHub/Steven-Jugler-ENES-246-501/Steven ENES/-6TestingTruthTables/1decoder/Nexys4DDR_Master.xdc]
WARNING: [Vivado 12-584] No ports matched 'select[0]'. [C:/Users/Firev/OneDrive/Documents/GitHub/Steven-Jugler-ENES-246-501/Steven ENES/-6TestingTruthTables/1decoder/Nexys4DDR_Master.xdc:16]
CRITICAL WARNING: [Common 17-55] 'set_property' expects at least one object. [C:/Users/Firev/OneDrive/Documents/GitHub/Steven-Jugler-ENES-246-501/Steven ENES/-6TestingTruthTables/1decoder/Nexys4DDR_Master.xdc:16]
Resolution: If [get_<value>] was used to populate the object, check to make sure this command returns at least one valid object.
WARNING: [Vivado 12-584] No ports matched 'select[1]'. [C:/Users/Firev/OneDrive/Documents/GitHub/Steven-Jugler-ENES-246-501/Steven ENES/-6TestingTruthTables/1decoder/Nexys4DDR_Master.xdc:17]
CRITICAL WARNING: [Common 17-55] 'set_property' expects at least one object. [C:/Users/Firev/OneDrive/Documents/GitHub/Steven-Jugler-ENES-246-501/Steven ENES/-6TestingTruthTables/1decoder/Nexys4DDR_Master.xdc:17]
Resolution: If [get_<value>] was used to populate the object, check to make sure this command returns at least one valid object.
WARNING: [Vivado 12-584] No ports matched 'select[2]'. [C:/Users/Firev/OneDrive/Documents/GitHub/Steven-Jugler-ENES-246-501/Steven ENES/-6TestingTruthTables/1decoder/Nexys4DDR_Master.xdc:18]
CRITICAL WARNING: [Common 17-55] 'set_property' expects at least one object. [C:/Users/Firev/OneDrive/Documents/GitHub/Steven-Jugler-ENES-246-501/Steven ENES/-6TestingTruthTables/1decoder/Nexys4DDR_Master.xdc:18]
Resolution: If [get_<value>] was used to populate the object, check to make sure this command returns at least one valid object.
WARNING: [Vivado 12-584] No ports matched 'select[3]'. [C:/Users/Firev/OneDrive/Documents/GitHub/Steven-Jugler-ENES-246-501/Steven ENES/-6TestingTruthTables/1decoder/Nexys4DDR_Master.xdc:19]
CRITICAL WARNING: [Common 17-55] 'set_property' expects at least one object. [C:/Users/Firev/OneDrive/Documents/GitHub/Steven-Jugler-ENES-246-501/Steven ENES/-6TestingTruthTables/1decoder/Nexys4DDR_Master.xdc:19]
Resolution: If [get_<value>] was used to populate the object, check to make sure this command returns at least one valid object.
WARNING: [Vivado 12-584] No ports matched 'LED[0]'. [C:/Users/Firev/OneDrive/Documents/GitHub/Steven-Jugler-ENES-246-501/Steven ENES/-6TestingTruthTables/1decoder/Nexys4DDR_Master.xdc:36]
CRITICAL WARNING: [Common 17-55] 'set_property' expects at least one object. [C:/Users/Firev/OneDrive/Documents/GitHub/Steven-Jugler-ENES-246-501/Steven ENES/-6TestingTruthTables/1decoder/Nexys4DDR_Master.xdc:36]
Resolution: If [get_<value>] was used to populate the object, check to make sure this command returns at least one valid object.
WARNING: [Vivado 12-584] No ports matched 'LED[1]'. [C:/Users/Firev/OneDrive/Documents/GitHub/Steven-Jugler-ENES-246-501/Steven ENES/-6TestingTruthTables/1decoder/Nexys4DDR_Master.xdc:37]
CRITICAL WARNING: [Common 17-55] 'set_property' expects at least one object. [C:/Users/Firev/OneDrive/Documents/GitHub/Steven-Jugler-ENES-246-501/Steven ENES/-6TestingTruthTables/1decoder/Nexys4DDR_Master.xdc:37]
Resolution: If [get_<value>] was used to populate the object, check to make sure this command returns at least one valid object.
WARNING: [Vivado 12-584] No ports matched 'LED[2]'. [C:/Users/Firev/OneDrive/Documents/GitHub/Steven-Jugler-ENES-246-501/Steven ENES/-6TestingTruthTables/1decoder/Nexys4DDR_Master.xdc:38]
CRITICAL WARNING: [Common 17-55] 'set_property' expects at least one object. [C:/Users/Firev/OneDrive/Documents/GitHub/Steven-Jugler-ENES-246-501/Steven ENES/-6TestingTruthTables/1decoder/Nexys4DDR_Master.xdc:38]
Resolution: If [get_<value>] was used to populate the object, check to make sure this command returns at least one valid object.
WARNING: [Vivado 12-584] No ports matched 'LED[3]'. [C:/Users/Firev/OneDrive/Documents/GitHub/Steven-Jugler-ENES-246-501/Steven ENES/-6TestingTruthTables/1decoder/Nexys4DDR_Master.xdc:39]
CRITICAL WARNING: [Common 17-55] 'set_property' expects at least one object. [C:/Users/Firev/OneDrive/Documents/GitHub/Steven-Jugler-ENES-246-501/Steven ENES/-6TestingTruthTables/1decoder/Nexys4DDR_Master.xdc:39]
Resolution: If [get_<value>] was used to populate the object, check to make sure this command returns at least one valid object.
WARNING: [Vivado 12-584] No ports matched 'LED[4]'. [C:/Users/Firev/OneDrive/Documents/GitHub/Steven-Jugler-ENES-246-501/Steven ENES/-6TestingTruthTables/1decoder/Nexys4DDR_Master.xdc:40]
CRITICAL WARNING: [Common 17-55] 'set_property' expects at least one object. [C:/Users/Firev/OneDrive/Documents/GitHub/Steven-Jugler-ENES-246-501/Steven ENES/-6TestingTruthTables/1decoder/Nexys4DDR_Master.xdc:40]
Resolution: If [get_<value>] was used to populate the object, check to make sure this command returns at least one valid object.
WARNING: [Vivado 12-584] No ports matched 'LED[5]'. [C:/Users/Firev/OneDrive/Documents/GitHub/Steven-Jugler-ENES-246-501/Steven ENES/-6TestingTruthTables/1decoder/Nexys4DDR_Master.xdc:41]
CRITICAL WARNING: [Common 17-55] 'set_property' expects at least one object. [C:/Users/Firev/OneDrive/Documents/GitHub/Steven-Jugler-ENES-246-501/Steven ENES/-6TestingTruthTables/1decoder/Nexys4DDR_Master.xdc:41]
Resolution: If [get_<value>] was used to populate the object, check to make sure this command returns at least one valid object.
WARNING: [Vivado 12-584] No ports matched 'LED[6]'. [C:/Users/Firev/OneDrive/Documents/GitHub/Steven-Jugler-ENES-246-501/Steven ENES/-6TestingTruthTables/1decoder/Nexys4DDR_Master.xdc:42]
CRITICAL WARNING: [Common 17-55] 'set_property' expects at least one object. [C:/Users/Firev/OneDrive/Documents/GitHub/Steven-Jugler-ENES-246-501/Steven ENES/-6TestingTruthTables/1decoder/Nexys4DDR_Master.xdc:42]
Resolution: If [get_<value>] was used to populate the object, check to make sure this command returns at least one valid object.
WARNING: [Vivado 12-584] No ports matched 'LED[7]'. [C:/Users/Firev/OneDrive/Documents/GitHub/Steven-Jugler-ENES-246-501/Steven ENES/-6TestingTruthTables/1decoder/Nexys4DDR_Master.xdc:43]
CRITICAL WARNING: [Common 17-55] 'set_property' expects at least one object. [C:/Users/Firev/OneDrive/Documents/GitHub/Steven-Jugler-ENES-246-501/Steven ENES/-6TestingTruthTables/1decoder/Nexys4DDR_Master.xdc:43]
Resolution: If [get_<value>] was used to populate the object, check to make sure this command returns at least one valid object.
WARNING: [Vivado 12-584] No ports matched 'LED[8]'. [C:/Users/Firev/OneDrive/Documents/GitHub/Steven-Jugler-ENES-246-501/Steven ENES/-6TestingTruthTables/1decoder/Nexys4DDR_Master.xdc:44]
CRITICAL WARNING: [Common 17-55] 'set_property' expects at least one object. [C:/Users/Firev/OneDrive/Documents/GitHub/Steven-Jugler-ENES-246-501/Steven ENES/-6TestingTruthTables/1decoder/Nexys4DDR_Master.xdc:44]
Resolution: If [get_<value>] was used to populate the object, check to make sure this command returns at least one valid object.
WARNING: [Vivado 12-584] No ports matched 'LED[9]'. [C:/Users/Firev/OneDrive/Documents/GitHub/Steven-Jugler-ENES-246-501/Steven ENES/-6TestingTruthTables/1decoder/Nexys4DDR_Master.xdc:45]
CRITICAL WARNING: [Common 17-55] 'set_property' expects at least one object. [C:/Users/Firev/OneDrive/Documents/GitHub/Steven-Jugler-ENES-246-501/Steven ENES/-6TestingTruthTables/1decoder/Nexys4DDR_Master.xdc:45]
Resolution: If [get_<value>] was used to populate the object, check to make sure this command returns at least one valid object.
WARNING: [Vivado 12-584] No ports matched 'LED[10]'. [C:/Users/Firev/OneDrive/Documents/GitHub/Steven-Jugler-ENES-246-501/Steven ENES/-6TestingTruthTables/1decoder/Nexys4DDR_Master.xdc:46]
CRITICAL WARNING: [Common 17-55] 'set_property' expects at least one object. [C:/Users/Firev/OneDrive/Documents/GitHub/Steven-Jugler-ENES-246-501/Steven ENES/-6TestingTruthTables/1decoder/Nexys4DDR_Master.xdc:46]
Resolution: If [get_<value>] was used to populate the object, check to make sure this command returns at least one valid object.
WARNING: [Vivado 12-584] No ports matched 'LED[11]'. [C:/Users/Firev/OneDrive/Documents/GitHub/Steven-Jugler-ENES-246-501/Steven ENES/-6TestingTruthTables/1decoder/Nexys4DDR_Master.xdc:47]
CRITICAL WARNING: [Common 17-55] 'set_property' expects at least one object. [C:/Users/Firev/OneDrive/Documents/GitHub/Steven-Jugler-ENES-246-501/Steven ENES/-6TestingTruthTables/1decoder/Nexys4DDR_Master.xdc:47]
Resolution: If [get_<value>] was used to populate the object, check to make sure this command returns at least one valid object.
WARNING: [Vivado 12-584] No ports matched 'LED[12]'. [C:/Users/Firev/OneDrive/Documents/GitHub/Steven-Jugler-ENES-246-501/Steven ENES/-6TestingTruthTables/1decoder/Nexys4DDR_Master.xdc:48]
CRITICAL WARNING: [Common 17-55] 'set_property' expects at least one object. [C:/Users/Firev/OneDrive/Documents/GitHub/Steven-Jugler-ENES-246-501/Steven ENES/-6TestingTruthTables/1decoder/Nexys4DDR_Master.xdc:48]
Resolution: If [get_<value>] was used to populate the object, check to make sure this command returns at least one valid object.
WARNING: [Vivado 12-584] No ports matched 'LED[13]'. [C:/Users/Firev/OneDrive/Documents/GitHub/Steven-Jugler-ENES-246-501/Steven ENES/-6TestingTruthTables/1decoder/Nexys4DDR_Master.xdc:49]
CRITICAL WARNING: [Common 17-55] 'set_property' expects at least one object. [C:/Users/Firev/OneDrive/Documents/GitHub/Steven-Jugler-ENES-246-501/Steven ENES/-6TestingTruthTables/1decoder/Nexys4DDR_Master.xdc:49]
Resolution: If [get_<value>] was used to populate the object, check to make sure this command returns at least one valid object.
WARNING: [Vivado 12-584] No ports matched 'LED[14]'. [C:/Users/Firev/OneDrive/Documents/GitHub/Steven-Jugler-ENES-246-501/Steven ENES/-6TestingTruthTables/1decoder/Nexys4DDR_Master.xdc:50]
CRITICAL WARNING: [Common 17-55] 'set_property' expects at least one object. [C:/Users/Firev/OneDrive/Documents/GitHub/Steven-Jugler-ENES-246-501/Steven ENES/-6TestingTruthTables/1decoder/Nexys4DDR_Master.xdc:50]
Resolution: If [get_<value>] was used to populate the object, check to make sure this command returns at least one valid object.
WARNING: [Vivado 12-584] No ports matched 'LED[15]'. [C:/Users/Firev/OneDrive/Documents/GitHub/Steven-Jugler-ENES-246-501/Steven ENES/-6TestingTruthTables/1decoder/Nexys4DDR_Master.xdc:51]
CRITICAL WARNING: [Common 17-55] 'set_property' expects at least one object. [C:/Users/Firev/OneDrive/Documents/GitHub/Steven-Jugler-ENES-246-501/Steven ENES/-6TestingTruthTables/1decoder/Nexys4DDR_Master.xdc:51]
Resolution: If [get_<value>] was used to populate the object, check to make sure this command returns at least one valid object.
Finished Parsing XDC File [C:/Users/Firev/OneDrive/Documents/GitHub/Steven-Jugler-ENES-246-501/Steven ENES/-6TestingTruthTables/1decoder/Nexys4DDR_Master.xdc]
Completed Processing XDC Constraints

Netlist sorting complete. Time (s): cpu = 00:00:00 ; elapsed = 00:00:00 . Memory (MB): peak = 759.527 ; gain = 0.000
INFO: [Project 1-111] Unisim Transformation Summary:
No Unisim elements were transformed.

Netlist sorting complete. Time (s): cpu = 00:00:00 ; elapsed = 00:00:00.001 . Memory (MB): peak = 759.527 ; gain = 0.000
Constraint Validation Runtime : Time (s): cpu = 00:00:00 ; elapsed = 00:00:00.007 . Memory (MB): peak = 759.527 ; gain = 0.000
---------------------------------------------------------------------------------
Finished Constraint Validation : Time (s): cpu = 00:00:10 ; elapsed = 00:00:11 . Memory (MB): peak = 759.527 ; gain = 497.316
---------------------------------------------------------------------------------
---------------------------------------------------------------------------------
Start Loading Part and Timing Information
---------------------------------------------------------------------------------
Loading part: xc7a100tcsg324-1
---------------------------------------------------------------------------------
Finished Loading Part and Timing Information : Time (s): cpu = 00:00:10 ; elapsed = 00:00:11 . Memory (MB): peak = 759.527 ; gain = 497.316
---------------------------------------------------------------------------------
---------------------------------------------------------------------------------
Start Applying 'set_property' XDC Constraints
---------------------------------------------------------------------------------
---------------------------------------------------------------------------------
Finished applying 'set_property' XDC Constraints : Time (s): cpu = 00:00:10 ; elapsed = 00:00:11 . Memory (MB): peak = 759.527 ; gain = 497.316
---------------------------------------------------------------------------------
---------------------------------------------------------------------------------
Finished RTL Optimization Phase 2 : Time (s): cpu = 00:00:10 ; elapsed = 00:00:11 . Memory (MB): peak = 759.527 ; gain = 497.316
---------------------------------------------------------------------------------

Report RTL Partitions: 
+-+--------------+------------+----------+
| |RTL Partition |Replication |Instances |
+-+--------------+------------+----------+
+-+--------------+------------+----------+
---------------------------------------------------------------------------------
Start RTL Component Statistics 
---------------------------------------------------------------------------------
Detailed RTL Component Info : 
---------------------------------------------------------------------------------
Finished RTL Component Statistics 
---------------------------------------------------------------------------------
---------------------------------------------------------------------------------
Start RTL Hierarchical Component Statistics 
---------------------------------------------------------------------------------
Hierarchical RTL Component report 
---------------------------------------------------------------------------------
Finished RTL Hierarchical Component Statistics
---------------------------------------------------------------------------------
---------------------------------------------------------------------------------
Start Part Resource Summary
---------------------------------------------------------------------------------
Part Resources:
DSPs: 240 (col length:80)
BRAMs: 270 (col length: RAMB18 80 RAMB36 40)
---------------------------------------------------------------------------------
Finished Part Resource Summary
---------------------------------------------------------------------------------
---------------------------------------------------------------------------------
Start Cross Boundary and Area Optimization
---------------------------------------------------------------------------------
Warning: Parallel synthesis criteria is not met 
---------------------------------------------------------------------------------
Finished Cross Boundary and Area Optimization : Time (s): cpu = 00:00:11 ; elapsed = 00:00:12 . Memory (MB): peak = 759.527 ; gain = 497.316
---------------------------------------------------------------------------------

Report RTL Partitions: 
+-+--------------+------------+----------+
| |RTL Partition |Replication |Instances |
+-+--------------+------------+----------+
+-+--------------+------------+----------+
---------------------------------------------------------------------------------
Start Applying XDC Timing Constraints
---------------------------------------------------------------------------------
---------------------------------------------------------------------------------
Finished Applying XDC Timing Constraints : Time (s): cpu = 00:00:18 ; elapsed = 00:00:20 . Memory (MB): peak = 759.527 ; gain = 497.316
---------------------------------------------------------------------------------
---------------------------------------------------------------------------------
Start Timing Optimization
---------------------------------------------------------------------------------
---------------------------------------------------------------------------------
Finished Timing Optimization : Time (s): cpu = 00:00:18 ; elapsed = 00:00:20 . Memory (MB): peak = 759.527 ; gain = 497.316
---------------------------------------------------------------------------------

Report RTL Partitions: 
+-+--------------+------------+----------+
| |RTL Partition |Replication |Instances |
+-+--------------+------------+----------+
+-+--------------+------------+----------+
---------------------------------------------------------------------------------
Start Technology Mapping
---------------------------------------------------------------------------------
---------------------------------------------------------------------------------
Finished Technology Mapping : Time (s): cpu = 00:00:18 ; elapsed = 00:00:20 . Memory (MB): peak = 759.527 ; gain = 497.316
---------------------------------------------------------------------------------

Report RTL Partitions: 
+-+--------------+------------+----------+
| |RTL Partition |Replication |Instances |
+-+--------------+------------+----------+
+-+--------------+------------+----------+
---------------------------------------------------------------------------------
Start IO Insertion
---------------------------------------------------------------------------------
---------------------------------------------------------------------------------
Start Flattening Before IO Insertion
---------------------------------------------------------------------------------
---------------------------------------------------------------------------------
Finished Flattening Before IO Insertion
---------------------------------------------------------------------------------
---------------------------------------------------------------------------------
Start Final Netlist Cleanup
---------------------------------------------------------------------------------
---------------------------------------------------------------------------------
Finished Final Netlist Cleanup
---------------------------------------------------------------------------------
---------------------------------------------------------------------------------
Finished IO Insertion : Time (s): cpu = 00:00:19 ; elapsed = 00:00:20 . Memory (MB): peak = 759.527 ; gain = 497.316
---------------------------------------------------------------------------------

Report Check Netlist: 
+------+------------------+-------+---------+-------+------------------+
|      |Item              |Errors |Warnings |Status |Description       |
+------+------------------+-------+---------+-------+------------------+
|1     |multi_driven_nets |      0|        0|Passed |Multi driven nets |
+------+------------------+-------+---------+-------+------------------+
---------------------------------------------------------------------------------
Start Renaming Generated Instances
---------------------------------------------------------------------------------
---------------------------------------------------------------------------------
Finished Renaming Generated Instances : Time (s): cpu = 00:00:19 ; elapsed = 00:00:20 . Memory (MB): peak = 759.527 ; gain = 497.316
---------------------------------------------------------------------------------

Report RTL Partitions: 
+-+--------------+------------+----------+
| |RTL Partition |Replication |Instances |
+-+--------------+------------+----------+
+-+--------------+------------+----------+
---------------------------------------------------------------------------------
Start Rebuilding User Hierarchy
---------------------------------------------------------------------------------
---------------------------------------------------------------------------------
Finished Rebuilding User Hierarchy : Time (s): cpu = 00:00:19 ; elapsed = 00:00:20 . Memory (MB): peak = 759.527 ; gain = 497.316
---------------------------------------------------------------------------------
---------------------------------------------------------------------------------
Start Renaming Generated Ports
---------------------------------------------------------------------------------
---------------------------------------------------------------------------------
Finished Renaming Generated Ports : Time (s): cpu = 00:00:19 ; elapsed = 00:00:20 . Memory (MB): peak = 759.527 ; gain = 497.316
---------------------------------------------------------------------------------
---------------------------------------------------------------------------------
Start Handling Custom Attributes
---------------------------------------------------------------------------------
---------------------------------------------------------------------------------
Finished Handling Custom Attributes : Time (s): cpu = 00:00:19 ; elapsed = 00:00:20 . Memory (MB): peak = 759.527 ; gain = 497.316
---------------------------------------------------------------------------------
---------------------------------------------------------------------------------
Start Renaming Generated Nets
---------------------------------------------------------------------------------
---------------------------------------------------------------------------------
Finished Renaming Generated Nets : Time (s): cpu = 00:00:19 ; elapsed = 00:00:20 . Memory (MB): peak = 759.527 ; gain = 497.316
---------------------------------------------------------------------------------
---------------------------------------------------------------------------------
Start Writing Synthesis Report
---------------------------------------------------------------------------------

Report BlackBoxes: 
+-+--------------+----------+
| |BlackBox name |Instances |
+-+--------------+----------+
+-+--------------+----------+

Report Cell Usage: 
+------+------+------+
|      |Cell  |Count |
+------+------+------+
|1     |LUT6  |     4|
|2     |MUXF7 |     2|
|3     |MUXF8 |     1|
|4     |IBUF  |    20|
|5     |OBUF  |     1|
+------+------+------+

Report Instance Areas: 
+------+---------+-------+------+
|      |Instance |Module |Cells |
+------+---------+-------+------+
|1     |top      |       |    28|
+------+---------+-------+------+
---------------------------------------------------------------------------------
Finished Writing Synthesis Report : Time (s): cpu = 00:00:19 ; elapsed = 00:00:20 . Memory (MB): peak = 759.527 ; gain = 497.316
---------------------------------------------------------------------------------
Synthesis finished with 0 errors, 0 critical warnings and 0 warnings.
Synthesis Optimization Runtime : Time (s): cpu = 00:00:11 ; elapsed = 00:00:15 . Memory (MB): peak = 759.527 ; gain = 156.289
Synthesis Optimization Complete : Time (s): cpu = 00:00:19 ; elapsed = 00:00:21 . Memory (MB): peak = 759.527 ; gain = 497.316
INFO: [Project 1-571] Translating synthesized netlist
INFO: [Netlist 29-17] Analyzing 3 Unisim elements for replacement
INFO: [Netlist 29-28] Unisim Transformation completed in 0 CPU seconds
INFO: [Project 1-570] Preparing netlist for logic optimization
INFO: [Opt 31-138] Pushed 0 inverter(s) to 0 load pin(s).
Netlist sorting complete. Time (s): cpu = 00:00:00 ; elapsed = 00:00:00 . Memory (MB): peak = 770.793 ; gain = 0.000
INFO: [Project 1-111] Unisim Transformation Summary:
No Unisim elements were transformed.

INFO: [Common 17-83] Releasing license: Synthesis
17 Infos, 20 Warnings, 20 Critical Warnings and 0 Errors encountered.
synth_design completed successfully
synth_design: Time (s): cpu = 00:00:21 ; elapsed = 00:00:23 . Memory (MB): peak = 770.883 ; gain = 520.559
Netlist sorting complete. Time (s): cpu = 00:00:00 ; elapsed = 00:00:00 . Memory (MB): peak = 770.883 ; gain = 0.000
WARNING: [Constraints 18-5210] No constraints selected for write.
Resolution: This message can indicate that there are no constraints for the design, or it can indicate that the used_in flags are set such that the constraints are ignored. This later case is used when running synth_design to not write synthesis constraints to the resulting checkpoint. Instead, project constraints are read when the synthesized design is opened.
INFO: [Common 17-1381] The checkpoint 'C:/Users/Firev/OneDrive/Documents/GitHub/Steven-Jugler-ENES-246-501/Steven ENES/-5MuxOfMux/m16x4Mux/m16x4Mux.runs/synth_1/m16x4Mux.dcp' has been generated.
INFO: [runtcl-4] Executing : report_utilization -file m16x4Mux_utilization_synth.rpt -pb m16x4Mux_utilization_synth.pb
INFO: [Common 17-206] Exiting Vivado at Mon Feb 25 14:22:38 2019...
