#-----------------------------------------------------------
# Vivado v2018.3 (64-bit)
# SW Build 2405991 on Thu Dec  6 23:38:27 MST 2018
# IP Build 2404404 on Fri Dec  7 01:43:56 MST 2018
# Start of session at: Mon Mar 11 16:34:42 2019
# Process ID: 17136
# Current directory: C:/Users/Firev/OneDrive/Documents/GitHub/Steven-Jugler-ENES-246-501/Steven ENES/10Latches/4_EveryOtherAsynchronousSequential
# Command line: vivado.exe -gui_launcher_event rodinguilauncherevent18912 C:\Users\Firev\OneDrive\Documents\GitHub\Steven-Jugler-ENES-246-501\Steven ENES\10Latches\4_EveryOtherAsynchronousSequential\everyOther.xpr
# Log file: C:/Users/Firev/OneDrive/Documents/GitHub/Steven-Jugler-ENES-246-501/Steven ENES/10Latches/4_EveryOtherAsynchronousSequential/vivado.log
# Journal file: C:/Users/Firev/OneDrive/Documents/GitHub/Steven-Jugler-ENES-246-501/Steven ENES/10Latches/4_EveryOtherAsynchronousSequential\vivado.jou
#-----------------------------------------------------------
start_gui
open_project {C:/Users/Firev/OneDrive/Documents/GitHub/Steven-Jugler-ENES-246-501/Steven ENES/10Latches/4_EveryOtherAsynchronousSequential/everyOther.xpr}
INFO: [ProjectBase 1-489] The host OS only allows 260 characters in a normal path. The project is stored in a path with more than 80 characters. If you experience issues with IP, Block Designs, or files not being found, please consider moving the project to a location with a shorter path. Alternately consider using the OS subst command to map part of the path to a drive letter.
Current project path is 'C:/Users/Firev/OneDrive/Documents/GitHub/Steven-Jugler-ENES-246-501/Steven ENES/10Latches/4_EveryOtherAsynchronousSequential'
INFO: [Project 1-313] Project file moved from 'C:/Users/FoersterGame/Documents/GitHub/ENES246/10Latches/4_EveryOtherAsynchronousSequential' since last save.
Scanning sources...
Finished scanning sources
WARNING: [filemgmt 56-2] IPUserFilesDir: Could not find the directory 'C:/Users/Firev/OneDrive/Documents/GitHub/Steven-Jugler-ENES-246-501/Steven ENES/10Latches/4_EveryOtherAsynchronousSequential/everyOther.ip_user_files', nor could it be found using path 'C:/Users/FoersterGame/Documents/GitHub/ENES246/10Latches/4_EveryOtherAsynchronousSequential/everyOther.ip_user_files'.
CRITICAL WARNING: [Board 49-67] The board_part definition was not found for digilentinc.com:nexys4_ddr:part0:1.1. This can happen sometimes when you use custom board part. You can resolve this issue by setting 'board.repoPaths' parameter, pointing to the location of custom board files. Valid board_part values can be retrieved with the 'get_board_parts' Tcl command.
INFO: [IP_Flow 19-234] Refreshing IP repositories
INFO: [IP_Flow 19-1704] No user IP repositories specified
INFO: [IP_Flow 19-2313] Loaded Vivado IP repository 'C:/Xilinx/Vivado/2018.3/data/ip'.
open_project: Time (s): cpu = 00:00:16 ; elapsed = 00:00:06 . Memory (MB): peak = 725.789 ; gain = 107.855
update_compile_order -fileset sources_1
exit
INFO: [Common 17-206] Exiting Vivado at Mon Mar 11 16:35:06 2019...
